This is pdfTeX, Version 3.1415926-2.3-1.40.12 (MiKTeX 2.9) (preloaded format=pdflatex 2013.12.24)  25 MAY 2014 11:16
entering extended mode
**C:/Users/onono/Dropbox/LeAnhVu/HungaryJournal/RankingVuMay20.tex
(C:/Users/onono/Dropbox/LeAnhVu/HungaryJournal/RankingVuMay20.tex
LaTeX2e <2011/06/27>
Babel <v3.8m> and hyphenation patterns for english, afrikaans, ancientgreek, ar
abic, armenian, assamese, basque, bengali, bokmal, bulgarian, catalan, coptic, 
croatian, czech, danish, dutch, esperanto, estonian, farsi, finnish, french, ga
lician, german, german-x-2009-06-19, greek, gujarati, hindi, hungarian, iceland
ic, indonesian, interlingua, irish, italian, kannada, kurmanji, lao, latin, lat
vian, lithuanian, malayalam, marathi, mongolian, mongolianlmc, monogreek, ngerm
an, ngerman-x-2009-06-19, nynorsk, oriya, panjabi, pinyin, polish, portuguese, 
romanian, russian, sanskrit, serbian, slovak, slovenian, spanish, swedish, swis
sgerman, tamil, telugu, turkish, turkmen, ukenglish, ukrainian, uppersorbian, u
senglishmax, welsh, loaded.
("C:\Program Files (x86)\MiKTeX 2.9\tex\latex\base\article.cls"
Document Class: article 2007/10/19 v1.4h Standard LaTeX document class
("C:\Program Files (x86)\MiKTeX 2.9\tex\latex\base\leqno.clo"
File: leqno.clo 1998/08/17 v1.1c Standard LaTeX option (left equation numbers)
)
("C:\Program Files (x86)\MiKTeX 2.9\tex\latex\base\size10.clo"
File: size10.clo 2007/10/19 v1.4h Standard LaTeX file (size option)
)
\c@part=\count79
\c@section=\count80
\c@subsection=\count81
\c@subsubsection=\count82
\c@paragraph=\count83
\c@subparagraph=\count84
\c@figure=\count85
\c@table=\count86
\abovecaptionskip=\skip41
\belowcaptionskip=\skip42
\bibindent=\dimen102
)
("C:\Program Files (x86)\MiKTeX 2.9\tex\latex\graphics\graphicx.sty"
Package: graphicx 1999/02/16 v1.0f Enhanced LaTeX Graphics (DPC,SPQR)

("C:\Program Files (x86)\MiKTeX 2.9\tex\latex\graphics\keyval.sty"
Package: keyval 1999/03/16 v1.13 key=value parser (DPC)
\KV@toks@=\toks14
)
("C:\Program Files (x86)\MiKTeX 2.9\tex\latex\graphics\graphics.sty"
Package: graphics 2009/02/05 v1.0o Standard LaTeX Graphics (DPC,SPQR)

("C:\Program Files (x86)\MiKTeX 2.9\tex\latex\graphics\trig.sty"
Package: trig 1999/03/16 v1.09 sin cos tan (DPC)
)
("C:\Program Files (x86)\MiKTeX 2.9\tex\latex\00miktex\graphics.cfg"
File: graphics.cfg 2007/01/18 v1.5 graphics configuration of teTeX/TeXLive
)
Package graphics Info: Driver file: pdftex.def on input line 91.

("C:\Program Files (x86)\MiKTeX 2.9\tex\latex\pdftex-def\pdftex.def"
File: pdftex.def 2011/05/27 v0.06d Graphics/color for pdfTeX

("C:\Program Files (x86)\MiKTeX 2.9\tex\generic\oberdiek\infwarerr.sty"
Package: infwarerr 2010/04/08 v1.3 Providing info/warning/error messages (HO)
)
("C:\Program Files (x86)\MiKTeX 2.9\tex\generic\oberdiek\ltxcmds.sty"
Package: ltxcmds 2011/11/09 v1.22 LaTeX kernel commands for general use (HO)
)
\Gread@gobject=\count87
))
\Gin@req@height=\dimen103
\Gin@req@width=\dimen104
)
(C:\Users\onono\Dropbox\LeAnhVu\HungaryJournal\annal-latex.sty
("C:\Program Files (x86)\MiKTeX 2.9\tex\latex\amsfonts\amsfonts.sty"
Package: amsfonts 2009/06/22 v3.00 Basic AMSFonts support
\@emptytoks=\toks15
\symAMSa=\mathgroup4
\symAMSb=\mathgroup5
LaTeX Font Info:    Overwriting math alphabet `\mathfrak' in version `bold'
(Font)                  U/euf/m/n --> U/euf/b/n on input line 96.
)
("C:\Program Files (x86)\MiKTeX 2.9\tex\latex\ams\math\amsmath.sty"
Package: amsmath 2000/07/18 v2.13 AMS math features
\@mathmargin=\skip43

For additional information on amsmath, use the `?' option.
("C:\Program Files (x86)\MiKTeX 2.9\tex\latex\ams\math\amstext.sty"
Package: amstext 2000/06/29 v2.01

("C:\Program Files (x86)\MiKTeX 2.9\tex\latex\ams\math\amsgen.sty"
File: amsgen.sty 1999/11/30 v2.0
\@emptytoks=\toks16
\ex@=\dimen105
))
("C:\Program Files (x86)\MiKTeX 2.9\tex\latex\ams\math\amsbsy.sty"
Package: amsbsy 1999/11/29 v1.2d
\pmbraise@=\dimen106
)
("C:\Program Files (x86)\MiKTeX 2.9\tex\latex\ams\math\amsopn.sty"
Package: amsopn 1999/12/14 v2.01 operator names
)
\inf@bad=\count88
LaTeX Info: Redefining \frac on input line 211.
\uproot@=\count89
\leftroot@=\count90
LaTeX Info: Redefining \overline on input line 307.
\classnum@=\count91
\DOTSCASE@=\count92
LaTeX Info: Redefining \ldots on input line 379.
LaTeX Info: Redefining \dots on input line 382.
LaTeX Info: Redefining \cdots on input line 467.
\Mathstrutbox@=\box26
\strutbox@=\box27
\big@size=\dimen107
LaTeX Font Info:    Redeclaring font encoding OML on input line 567.
LaTeX Font Info:    Redeclaring font encoding OMS on input line 568.
\macc@depth=\count93
\c@MaxMatrixCols=\count94
\dotsspace@=\muskip10
\c@parentequation=\count95
\dspbrk@lvl=\count96
\tag@help=\toks17
\row@=\count97
\column@=\count98
\maxfields@=\count99
\andhelp@=\toks18
\eqnshift@=\dimen108
\alignsep@=\dimen109
\tagshift@=\dimen110
\tagwidth@=\dimen111
\totwidth@=\dimen112
\lineht@=\dimen113
\@envbody=\toks19
\multlinegap=\skip44
\multlinetaggap=\skip45
\mathdisplay@stack=\toks20
LaTeX Info: Redefining \[ on input line 2666.
LaTeX Info: Redefining \] on input line 2667.
)
("C:\Program Files (x86)\MiKTeX 2.9\tex\latex\ams\classes\amsthm.sty"
Package: amsthm 2004/08/06 v2.20
\thm@style=\toks21
\thm@bodyfont=\toks22
\thm@headfont=\toks23
\thm@notefont=\toks24
\thm@headpunct=\toks25
\thm@preskip=\skip46
\thm@postskip=\skip47
\thm@headsep=\skip48
\dth@everypar=\toks26
)
("C:\Program Files (x86)\MiKTeX 2.9\tex\latex\fancyhdr\fancyhdr.sty"
\fancy@headwidth=\skip49
\f@ncyO@elh=\skip50
\f@ncyO@erh=\skip51
\f@ncyO@olh=\skip52
\f@ncyO@orh=\skip53
\f@ncyO@elf=\skip54
\f@ncyO@erf=\skip55
\f@ncyO@olf=\skip56
\f@ncyO@orf=\skip57
)
("C:\Program Files (x86)\MiKTeX 2.9\tex\latex\amsfonts\amssymb.sty"
Package: amssymb 2009/06/22 v3.00
))
("C:\Program Files (x86)\MiKTeX 2.9\tex\latex\base\makeidx.sty"
Package: makeidx 2000/03/29 v1.0m Standard LaTeX package
)
("C:\Program Files (x86)\MiKTeX 2.9\tex\latex\base\latexsym.sty"
Package: latexsym 1998/08/17 v2.2e Standard LaTeX package (lasy symbols)
\symlasy=\mathgroup6
LaTeX Font Info:    Overwriting symbol font `lasy' in version `bold'
(Font)                  U/lasy/m/n --> U/lasy/b/n on input line 47.
)
\c@theorem=\count100
\c@lemma=\count101
\c@corollary=\count102
\c@definition=\count103
\c@remark=\count104

(C:\Users\onono\Dropbox\LeAnhVu\HungaryJournal\RankingVuMay20.aux)
LaTeX Font Info:    Checking defaults for OML/cmm/m/it on input line 50.
LaTeX Font Info:    ... okay on input line 50.
LaTeX Font Info:    Checking defaults for T1/cmr/m/n on input line 50.
LaTeX Font Info:    ... okay on input line 50.
LaTeX Font Info:    Checking defaults for OT1/cmr/m/n on input line 50.
LaTeX Font Info:    ... okay on input line 50.
LaTeX Font Info:    Checking defaults for OMS/cmsy/m/n on input line 50.
LaTeX Font Info:    ... okay on input line 50.
LaTeX Font Info:    Checking defaults for OMX/cmex/m/n on input line 50.
LaTeX Font Info:    ... okay on input line 50.
LaTeX Font Info:    Checking defaults for U/cmr/m/n on input line 50.
LaTeX Font Info:    ... okay on input line 50.

("C:\Program Files (x86)\MiKTeX 2.9\tex\context\base\supp-pdf.mkii"
[Loading MPS to PDF converter (version 2006.09.02).]
\scratchcounter=\count105
\scratchdimen=\dimen114
\scratchbox=\box28
\nofMPsegments=\count106
\nofMParguments=\count107
\everyMPshowfont=\toks27
\MPscratchCnt=\count108
\MPscratchDim=\dimen115
\MPnumerator=\count109
\makeMPintoPDFobject=\count110
\everyMPtoPDFconversion=\toks28
)
LaTeX Font Info:    Try loading font information for U+msa on input line 55.
 ("C:\Program Files (x86)\MiKTeX 2.9\tex\latex\amsfonts\umsa.fd"
File: umsa.fd 2009/06/22 v3.00 AMS symbols A
)
LaTeX Font Info:    Try loading font information for U+msb on input line 55.

("C:\Program Files (x86)\MiKTeX 2.9\tex\latex\amsfonts\umsb.fd"
File: umsb.fd 2009/06/22 v3.00 AMS symbols B
)
LaTeX Font Info:    Try loading font information for U+lasy on input line 55.

("C:\Program Files (x86)\MiKTeX 2.9\tex\latex\base\ulasy.fd"
File: ulasy.fd 1998/08/17 v2.2e LaTeX symbol font definitions
) [1

{C:/ProgramData/MiKTeX/2.9/pdftex/config/pdftex.map}] [2] [3] [4]
Underfull \vbox (badness 10000) has occurred while \output is active []

 [5]
[6]
Overfull \hbox (4.37512pt too wide) in paragraph at lines 243--245
\OT1/cmr/m/n/10 From (3.1[]), the unique ex-is-tence of $\OML/cmm/m/it/10 R[]$ 
\OT1/cmr/m/n/10 in-fers the unique ex-is-tences of $\OML/cmm/m/it/10 R[]; [] ; 
R[]$\OT1/cmr/m/n/10 .
 []


Underfull \hbox (badness 10000) in paragraph at lines 246--257

 []

[7] [8] [9]
Underfull \vbox (badness 1199) has occurred while \output is active []

 [10]

LaTeX Warning: Reference `hindex' on page 11 undefined on input line 384.


Overfull \hbox (14.39265pt too wide) in paragraph at lines 384--386
\OT1/cmr/m/n/10 au-thors and con-fer-ences. In H-index model, for each au-thor 
$\OML/cmm/m/it/10 a \OMS/cmsy/m/n/10 2 A$ $\OML/cmm/m/it/10 R[]\OT1/cmr/m/n/10 
(\OML/cmm/m/it/10 a\OT1/cmr/m/n/10 ) ::=
 []


Overfull \hbox (92.69803pt too wide) in paragraph at lines 384--386
\OMS/cmsy/m/n/10 j\OML/cmm/m/it/10 P\OT1/cmr/m/n/10 (\OML/cmm/m/it/10 a\OT1/cmr
/m/n/10 )?????????\OMS/cmsy/m/n/10 j$ \OT1/cmr/m/n/10 and for each con-fer-ence
 $\OML/cmm/m/it/10 c \OMS/cmsy/m/n/10 2 C$ $\OML/cmm/m/it/10 R[]\OT1/cmr/m/n/10
 (\OML/cmm/m/it/10 c\OT1/cmr/m/n/10 ) ::= \OMS/cmsy/m/n/10 j\OML/cmm/m/it/10 P[
]\OT1/cmr/m/n/10 (\OML/cmm/m/it/10 c\OT1/cmr/m/n/10 )???????????\OMS/cmsy/m/n/1
0 j\OML/cmm/m/it/10 anhVugiupemnhe$\OT1/cmr/m/n/10 . 
 []


Overfull \hbox (11.65425pt too wide) in paragraph at lines 388--390
\OML/cmm/m/it/10 R[]\OT1/cmr/m/n/10 (\OML/cmm/m/it/10 a\OT1/cmr/m/n/10 ) ::= \O
MS/cmsy/m/n/10 j\OML/cmm/m/it/10 P\OT1/cmr/m/n/10 (\OML/cmm/m/it/10 a\OT1/cmr/m
/n/10 )?????????\OMS/cmsy/m/n/10 j$ \OT1/cmr/m/n/10 and for each con-fer-ence $
\OML/cmm/m/it/10 c \OMS/cmsy/m/n/10 2 C$ $\OML/cmm/m/it/10 R[]\OT1/cmr/m/n/10 (
\OML/cmm/m/it/10 c\OT1/cmr/m/n/10 ) ::=
 []

[11] <D2t20cinc.png, id=61, 374.90062pt x 217.5628pt>
File: D2t20cinc.png Graphic file (type png)
 <use D2t20cinc.png>
Package pdftex.def Info: D2t20cinc.png used on input line 427.
(pdftex.def)             Requested size: 153.64383pt x 89.16481pt.

<D2t20cdec.png, id=63, 374.90062pt x 217.5628pt>
File: D2t20cdec.png Graphic file (type png)
 <use D2t20cdec.png>
Package pdftex.def Info: D2t20cdec.png used on input line 428.
(pdftex.def)             Requested size: 153.64383pt x 89.16481pt.

<D2t20ainc.png, id=64, 349.305pt x 280.04625pt>
File: D2t20ainc.png Graphic file (type png)
 <use D2t20ainc.png>
Package pdftex.def Info: D2t20ainc.png used on input line 435.
(pdftex.def)             Requested size: 153.64383pt x 123.18225pt.

<D2t20adec.png, id=65, 349.305pt x 280.04625pt>
File: D2t20adec.png Graphic file (type png)
 <use D2t20adec.png>
Package pdftex.def Info: D2t20adec.png used on input line 436.
(pdftex.def)             Requested size: 153.64383pt x 123.18225pt.
LaTeX Font Info:    Try loading font information for OMS+cmr on input line 459.


("C:\Program Files (x86)\MiKTeX 2.9\tex\latex\base\omscmr.fd"
File: omscmr.fd 1999/05/25 v2.5h Standard LaTeX font definitions
)
LaTeX Font Info:    Font shape `OMS/cmr/m/n' in size <10> not available
(Font)              Font shape `OMS/cmsy/m/n' tried instead on input line 459.
 [12 <C:/Users/onono/Dropbox/LeAnhVu/HungaryJournal/D2t20cinc.png> <C:/Users/on
ono/Dropbox/LeAnhVu/HungaryJournal/D2t20cdec.png> <C:/Users/onono/Dropbox/LeAnh
Vu/HungaryJournal/D2t20ainc.png> <C:/Users/onono/Dropbox/LeAnhVu/HungaryJournal
/D2t20adec.png>]
<D1t20aNPC.png, id=71, 351.56343pt x 349.305pt>
File: D1t20aNPC.png Graphic file (type png)
 <use D1t20aNPC.png>
Package pdftex.def Info: D1t20aNPC.png used on input line 473.
(pdftex.def)             Requested size: 153.64383pt x 152.65532pt.

<D1t20aSD4R.png, id=72, 351.56343pt x 349.305pt>
File: D1t20aSD4R.png Graphic file (type png)
 <use D1t20aSD4R.png>
Package pdftex.def Info: D1t20aSD4R.png used on input line 474.
(pdftex.def)             Requested size: 153.64383pt x 152.65532pt.

<D2t20aNPC.png, id=73, 349.305pt x 280.04625pt>
File: D2t20aNPC.png Graphic file (type png)
 <use D2t20aNPC.png>
Package pdftex.def Info: D2t20aNPC.png used on input line 475.
(pdftex.def)             Requested size: 153.64383pt x 123.18225pt.

<D2t20aSD4R.png, id=74, 349.305pt x 280.04625pt>
File: D2t20aSD4R.png Graphic file (type png)
 <use D2t20aSD4R.png>
Package pdftex.def Info: D2t20aSD4R.png used on input line 476.
(pdftex.def)             Requested size: 153.64383pt x 123.18225pt.
 [13]
[14 <C:/Users/onono/Dropbox/LeAnhVu/HungaryJournal/D1t20aNPC.png> <C:/Users/ono
no/Dropbox/LeAnhVu/HungaryJournal/D1t20aSD4R.png> <C:/Users/onono/Dropbox/LeAnh
Vu/HungaryJournal/D2t20aNPC.png> <C:/Users/onono/Dropbox/LeAnhVu/HungaryJournal
/D2t20aSD4R.png>] <D3t20cNPC.png, id=82, 374.14781pt x 285.31593pt>
File: D3t20cNPC.png Graphic file (type png)

<use D3t20cNPC.png>
Package pdftex.def Info: D3t20cNPC.png used on input line 495.
(pdftex.def)             Requested size: 153.64383pt x 117.16313pt.
 <D3t20cSD4R.png, id=83, 374.14781pt x 285.31593pt>
File: D3t20cSD4R.png Graphic file (type png)

<use D3t20cSD4R.png>
Package pdftex.def Info: D3t20cSD4R.png used on input line 496.
(pdftex.def)             Requested size: 153.64383pt x 117.16313pt.
 <D3t20cSC4R.png, id=84, 374.14781pt x 285.31593pt>
File: D3t20cSC4R.png Graphic file (type png)

<use D3t20cSC4R.png>
Package pdftex.def Info: D3t20cSC4R.png used on input line 498.
(pdftex.def)             Requested size: 153.64383pt x 117.16313pt.
 <D3t20cHindex.png, id=85, 383.93437pt x 285.31593pt>
File: D3t20cHindex.png Graphic file (type png)

<use D3t20cHindex.png>
Package pdftex.def Info: D3t20cHindex.png used on input line 499.
(pdftex.def)             Requested size: 153.64383pt x 114.18094pt.
 <D3t20aNPCh.png, id=86, 335.00156pt x 270.25969pt>
File: D3t20aNPCh.png Graphic file (type png)

<use D3t20aNPCh.png>
Package pdftex.def Info: D3t20aNPCh.png used on input line 506.
(pdftex.def)             Requested size: 153.64383pt x 123.94981pt.
 <D3t20aSD4Rh.png, id=87, 335.00156pt x 270.25969pt>
File: D3t20aSD4Rh.png Graphic file (type png)

<use D3t20aSD4Rh.png>
Package pdftex.def Info: D3t20aSD4Rh.png used on input line 507.
(pdftex.def)             Requested size: 153.64383pt x 123.94981pt.
 <D3t20aHindex.png, id=88, 335.00156pt x 270.25969pt>
File: D3t20aHindex.png Graphic file (type png)

<use D3t20aHindex.png>
Package pdftex.def Info: D3t20aHindex.png used on input line 508.
(pdftex.def)             Requested size: 153.64383pt x 123.94981pt.
 <D3t20aSC4Rh.png, id=89, 335.00156pt x 270.25969pt>
File: D3t20aSC4Rh.png Graphic file (type png)

<use D3t20aSC4Rh.png>
Package pdftex.def Info: D3t20aSC4Rh.png used on input line 509.
(pdftex.def)             Requested size: 153.64383pt x 123.94981pt.
 [15 <C:/Users/onono/Dropbox/LeAnhVu/HungaryJournal/D3t20cNPC.png> <C:/Users/on
ono/Dropbox/LeAnhVu/HungaryJournal/D3t20cSD4R.png> <C:/Users/onono/Dropbox/LeAn
hVu/HungaryJournal/D3t20cSC4R.png> <C:/Users/onono/Dropbox/LeAnhVu/HungaryJourn
al/D3t20cHindex.png>] [16 <C:/Users/onono/Dropbox/LeAnhVu/HungaryJournal/D3t20a
NPCh.png> <C:/Users/onono/Dropbox/LeAnhVu/HungaryJournal/D3t20aSD4Rh.png> <C:/U
sers/onono/Dropbox/LeAnhVu/HungaryJournal/D3t20aHindex.png> <C:/Users/onono/Dro
pbox/LeAnhVu/HungaryJournal/D3t20aSC4Rh.png>]
Overfull \hbox (4.32562pt too wide) in paragraph at lines 519--523
[]\OT1/cmr/m/it/10 Named en-ti-ties: \OT1/cmr/m/n/10 In Nat-u-ral Lan-guage Pro
-cess-ing (NLP) com-mu-ni-ties, named
 []


Underfull \vbox (badness 10000) has occurred while \output is active []

 [17]
[18]
Missing character: There is no Ã in font cmbx10!
Missing character: There is no ¡ in font cmbx10!
Missing character: There is no Ã in font cmbx10!
Missing character: There is no º in font cmbx10!
Missing character: There is no Ã in font cmbx10!
Missing character: There is no ³ in font cmbx10!

Underfull \hbox (badness 1142) in paragraph at lines 577--580
[]\OT1/cmr/bx/n/10 Eduardo Snchez-Burillo, Jordi Duch, Jess Gmez-Gardenes,
 []

Missing character: There is no â in font cmr10!
Missing character: There is no € in font cmr10!
Missing character: There is no “ in font cmr10!

Underfull \hbox (badness 1297) in paragraph at lines 607--611
[]\OT1/cmr/bx/n/10 Michael Collins. \OT1/cmr/m/n/10 Rank-ing al-go-rithms for n
amed-entity ex-trac-tion:
 []


Underfull \hbox (badness 10000) in paragraph at lines 629--632
[]\OT1/cmr/bx/n/10 Microsoft Cor-po-ra-tion. \OT1/cmr/m/n/10 Mi-crosoft Aca-dem
ic Search.
 []

[19]
Underfull \hbox (badness 10000) in paragraph at lines 675--680

 []


Underfull \hbox (badness 10000) in paragraph at lines 681--686

 []


Underfull \hbox (badness 10000) in paragraph at lines 687--692

 []


Underfull \hbox (badness 10000) in paragraph at lines 693--698

 []

[20] (C:\Users\onono\Dropbox\LeAnhVu\HungaryJournal\RankingVuMay20.aux)

LaTeX Warning: There were undefined references.

 ) 
Here is how much of TeX's memory you used:
 2502 strings out of 494045
 31498 string characters out of 3145968
 87369 words of memory out of 3000000
 5739 multiletter control sequences out of 15000+200000
 15485 words of font info for 64 fonts, out of 3000000 for 9000
 715 hyphenation exceptions out of 8191
 34i,19n,45p,1020b,354s stack positions out of 5000i,500n,10000p,200000b,50000s
<C:/Program Files (x86)/MiKTeX 2.9/fonts/type1/public/amsfonts/cm/cmbx10.pfb>
<C:/Program Files (x86)/MiKTeX 2.9/fonts/type1/public/amsfonts/cm/cmbx12.pfb><C
:/Program Files (x86)/MiKTeX 2.9/fonts/type1/public/amsfonts/cm/cmbx7.pfb><C:/P
rogram Files (x86)/MiKTeX 2.9/fonts/type1/public/amsfonts/cm/cmbx8.pfb><C:/Prog
ram Files (x86)/MiKTeX 2.9/fonts/type1/public/amsfonts/cm/cmbx9.pfb><C:/Program
 Files (x86)/MiKTeX 2.9/fonts/type1/public/amsfonts/cm/cmex10.pfb><C:/Program F
iles (x86)/MiKTeX 2.9/fonts/type1/public/amsfonts/cm/cmitt10.pfb><C:/Program Fi
les (x86)/MiKTeX 2.9/fonts/type1/public/amsfonts/cm/cmmi10.pfb><C:/Program File
s (x86)/MiKTeX 2.9/fonts/type1/public/amsfonts/cm/cmmi5.pfb><C:/Program Files (
x86)/MiKTeX 2.9/fonts/type1/public/amsfonts/cm/cmmi7.pfb><C:/Program Files (x86
)/MiKTeX 2.9/fonts/type1/public/amsfonts/cm/cmmi9.pfb><C:/Program Files (x86)/M
iKTeX 2.9/fonts/type1/public/amsfonts/cm/cmr10.pfb><C:/Program Files (x86)/MiKT
eX 2.9/fonts/type1/public/amsfonts/cm/cmr5.pfb><C:/Program Files (x86)/MiKTeX 2
.9/fonts/type1/public/amsfonts/cm/cmr7.pfb><C:/Program Files (x86)/MiKTeX 2.9/f
onts/type1/public/amsfonts/cm/cmr8.pfb><C:/Program Files (x86)/MiKTeX 2.9/fonts
/type1/public/amsfonts/cm/cmr9.pfb><C:/Program Files (x86)/MiKTeX 2.9/fonts/typ
e1/public/amsfonts/cm/cmsy10.pfb><C:/Program Files (x86)/MiKTeX 2.9/fonts/type1
/public/amsfonts/cm/cmsy5.pfb><C:/Program Files (x86)/MiKTeX 2.9/fonts/type1/pu
blic/amsfonts/cm/cmsy6.pfb><C:/Program Files (x86)/MiKTeX 2.9/fonts/type1/publi
c/amsfonts/cm/cmsy7.pfb><C:/Program Files (x86)/MiKTeX 2.9/fonts/type1/public/a
msfonts/cm/cmsy9.pfb><C:/Program Files (x86)/MiKTeX 2.9/fonts/type1/public/amsf
onts/cm/cmti10.pfb><C:/Program Files (x86)/MiKTeX 2.9/fonts/type1/public/amsfon
ts/cm/cmti8.pfb><C:/Program Files (x86)/MiKTeX 2.9/fonts/type1/public/amsfonts/
cm/cmtt10.pfb><C:/Program Files (x86)/MiKTeX 2.9/fonts/type1/public/amsfonts/cm
/cmtt8.pfb><C:/Program Files (x86)/MiKTeX 2.9/fonts/type1/public/amsfonts/symbo
ls/msam10.pfb>
Output written on RankingVuMay20.pdf (20 pages, 637107 bytes).
PDF statistics:
 190 PDF objects out of 1000 (max. 8388607)
 0 named destinations out of 1000 (max. 500000)
 81 words of extra memory for PDF output out of 10000 (max. 10000000)

