This is pdfTeX, Version 3.1415926-2.5-1.40.14 (MiKTeX 2.9 64-bit) (preloaded format=pdflatex 2014.4.16)  30 MAY 2014 12:52
entering extended mode
**RankingVuMay25.tex
(C:\Users\hienvu\Dropbox\LeAnhVu\HungaryJournal\RankingVuMay25.tex
LaTeX2e <2011/06/27>
Babel <v3.8m> and hyphenation patterns for english, afrikaans, ancientgreek, ar
abic, armenian, assamese, basque, bengali, bokmal, bulgarian, catalan, coptic, 
croatian, czech, danish, dutch, esperanto, estonian, farsi, finnish, french, ga
lician, german, german-x-2013-05-26, greek, gujarati, hindi, hungarian, iceland
ic, indonesian, interlingua, irish, italian, kannada, kurmanji, latin, latvian,
 lithuanian, malayalam, marathi, mongolian, mongolianlmc, monogreek, ngerman, n
german-x-2013-05-26, nynorsk, oriya, panjabi, pinyin, polish, portuguese, roman
ian, russian, sanskrit, serbian, slovak, slovenian, spanish, swedish, swissgerm
an, tamil, telugu, turkish, turkmen, ukenglish, ukrainian, uppersorbian, usengl
ishmax, welsh, loaded.
("C:\Program Files\MiKTeX 2.9\tex\latex\base\article.cls"
Document Class: article 2007/10/19 v1.4h Standard LaTeX document class
("C:\Program Files\MiKTeX 2.9\tex\latex\base\leqno.clo"
File: leqno.clo 1998/08/17 v1.1c Standard LaTeX option (left equation numbers)
)
("C:\Program Files\MiKTeX 2.9\tex\latex\base\size10.clo"
File: size10.clo 2007/10/19 v1.4h Standard LaTeX file (size option)
)
\c@part=\count79
\c@section=\count80
\c@subsection=\count81
\c@subsubsection=\count82
\c@paragraph=\count83
\c@subparagraph=\count84
\c@figure=\count85
\c@table=\count86
\abovecaptionskip=\skip41
\belowcaptionskip=\skip42
\bibindent=\dimen102
)
("C:\Program Files\MiKTeX 2.9\tex\latex\graphics\graphicx.sty"
Package: graphicx 1999/02/16 v1.0f Enhanced LaTeX Graphics (DPC,SPQR)

("C:\Program Files\MiKTeX 2.9\tex\latex\graphics\keyval.sty"
Package: keyval 1999/03/16 v1.13 key=value parser (DPC)
\KV@toks@=\toks14
)
("C:\Program Files\MiKTeX 2.9\tex\latex\graphics\graphics.sty"
Package: graphics 2009/02/05 v1.0o Standard LaTeX Graphics (DPC,SPQR)

("C:\Program Files\MiKTeX 2.9\tex\latex\graphics\trig.sty"
Package: trig 1999/03/16 v1.09 sin cos tan (DPC)
)
("C:\Program Files\MiKTeX 2.9\tex\latex\00miktex\graphics.cfg"
File: graphics.cfg 2007/01/18 v1.5 graphics configuration of teTeX/TeXLive
)
Package graphics Info: Driver file: pdftex.def on input line 91.

("C:\Program Files\MiKTeX 2.9\tex\latex\pdftex-def\pdftex.def"
File: pdftex.def 2011/05/27 v0.06d Graphics/color for pdfTeX

("C:\Program Files\MiKTeX 2.9\tex\generic\oberdiek\infwarerr.sty"
Package: infwarerr 2010/04/08 v1.3 Providing info/warning/error messages (HO)
)
("C:\Program Files\MiKTeX 2.9\tex\generic\oberdiek\ltxcmds.sty"
Package: ltxcmds 2011/11/09 v1.22 LaTeX kernel commands for general use (HO)
)
\Gread@gobject=\count87
))
\Gin@req@height=\dimen103
\Gin@req@width=\dimen104
)
(C:\Users\hienvu\Dropbox\LeAnhVu\HungaryJournal\annal-latex.sty
("C:\Program Files\MiKTeX 2.9\tex\latex\amsfonts\amsfonts.sty"
Package: amsfonts 2013/01/14 v3.01 Basic AMSFonts support
\@emptytoks=\toks15
\symAMSa=\mathgroup4
\symAMSb=\mathgroup5
LaTeX Font Info:    Overwriting math alphabet `\mathfrak' in version `bold'
(Font)                  U/euf/m/n --> U/euf/b/n on input line 106.
)
("C:\Program Files\MiKTeX 2.9\tex\latex\amsmath\amsmath.sty"
Package: amsmath 2013/01/14 v2.14 AMS math features
\@mathmargin=\skip43

For additional information on amsmath, use the `?' option.
("C:\Program Files\MiKTeX 2.9\tex\latex\amsmath\amstext.sty"
Package: amstext 2000/06/29 v2.01

("C:\Program Files\MiKTeX 2.9\tex\latex\amsmath\amsgen.sty"
File: amsgen.sty 1999/11/30 v2.0
\@emptytoks=\toks16
\ex@=\dimen105
))
("C:\Program Files\MiKTeX 2.9\tex\latex\amsmath\amsbsy.sty"
Package: amsbsy 1999/11/29 v1.2d
\pmbraise@=\dimen106
)
("C:\Program Files\MiKTeX 2.9\tex\latex\amsmath\amsopn.sty"
Package: amsopn 1999/12/14 v2.01 operator names
)
\inf@bad=\count88
LaTeX Info: Redefining \frac on input line 210.
\uproot@=\count89
\leftroot@=\count90
LaTeX Info: Redefining \overline on input line 306.
\classnum@=\count91
\DOTSCASE@=\count92
LaTeX Info: Redefining \ldots on input line 378.
LaTeX Info: Redefining \dots on input line 381.
LaTeX Info: Redefining \cdots on input line 466.
\Mathstrutbox@=\box26
\strutbox@=\box27
\big@size=\dimen107
LaTeX Font Info:    Redeclaring font encoding OML on input line 566.
LaTeX Font Info:    Redeclaring font encoding OMS on input line 567.
\macc@depth=\count93
\c@MaxMatrixCols=\count94
\dotsspace@=\muskip10
\c@parentequation=\count95
\dspbrk@lvl=\count96
\tag@help=\toks17
\row@=\count97
\column@=\count98
\maxfields@=\count99
\andhelp@=\toks18
\eqnshift@=\dimen108
\alignsep@=\dimen109
\tagshift@=\dimen110
\tagwidth@=\dimen111
\totwidth@=\dimen112
\lineht@=\dimen113
\@envbody=\toks19
\multlinegap=\skip44
\multlinetaggap=\skip45
\mathdisplay@stack=\toks20
LaTeX Info: Redefining \[ on input line 2665.
LaTeX Info: Redefining \] on input line 2666.
)
("C:\Program Files\MiKTeX 2.9\tex\latex\amscls\amsthm.sty"
Package: amsthm 2004/08/06 v2.20
\thm@style=\toks21
\thm@bodyfont=\toks22
\thm@headfont=\toks23
\thm@notefont=\toks24
\thm@headpunct=\toks25
\thm@preskip=\skip46
\thm@postskip=\skip47
\thm@headsep=\skip48
\dth@everypar=\toks26
)
("C:\Program Files\MiKTeX 2.9\tex\latex\fancyhdr\fancyhdr.sty"
\fancy@headwidth=\skip49
\f@ncyO@elh=\skip50
\f@ncyO@erh=\skip51
\f@ncyO@olh=\skip52
\f@ncyO@orh=\skip53
\f@ncyO@elf=\skip54
\f@ncyO@erf=\skip55
\f@ncyO@olf=\skip56
\f@ncyO@orf=\skip57
)
("C:\Program Files\MiKTeX 2.9\tex\latex\amsfonts\amssymb.sty"
Package: amssymb 2013/01/14 v3.01 AMS font symbols
))
("C:\Program Files\MiKTeX 2.9\tex\latex\base\makeidx.sty"
Package: makeidx 2000/03/29 v1.0m Standard LaTeX package
)
("C:\Program Files\MiKTeX 2.9\tex\latex\base\latexsym.sty"
Package: latexsym 1998/08/17 v2.2e Standard LaTeX package (lasy symbols)
\symlasy=\mathgroup6
LaTeX Font Info:    Overwriting symbol font `lasy' in version `bold'
(Font)                  U/lasy/m/n --> U/lasy/b/n on input line 47.
)
\c@theorem=\count100
\c@lemma=\count101
\c@corollary=\count102
\c@definition=\count103
\c@remark=\count104

(C:\Users\hienvu\Dropbox\LeAnhVu\HungaryJournal\RankingVuMay25.aux)
LaTeX Font Info:    Checking defaults for OML/cmm/m/it on input line 50.
LaTeX Font Info:    ... okay on input line 50.
LaTeX Font Info:    Checking defaults for T1/cmr/m/n on input line 50.
LaTeX Font Info:    ... okay on input line 50.
LaTeX Font Info:    Checking defaults for OT1/cmr/m/n on input line 50.
LaTeX Font Info:    ... okay on input line 50.
LaTeX Font Info:    Checking defaults for OMS/cmsy/m/n on input line 50.
LaTeX Font Info:    ... okay on input line 50.
LaTeX Font Info:    Checking defaults for OMX/cmex/m/n on input line 50.
LaTeX Font Info:    ... okay on input line 50.
LaTeX Font Info:    Checking defaults for U/cmr/m/n on input line 50.
LaTeX Font Info:    ... okay on input line 50.

("C:\Program Files\MiKTeX 2.9\tex\context\base\supp-pdf.mkii"
[Loading MPS to PDF converter (version 2006.09.02).]
\scratchcounter=\count105
\scratchdimen=\dimen114
\scratchbox=\box28
\nofMPsegments=\count106
\nofMParguments=\count107
\everyMPshowfont=\toks27
\MPscratchCnt=\count108
\MPscratchDim=\dimen115
\MPnumerator=\count109
\makeMPintoPDFobject=\count110
\everyMPtoPDFconversion=\toks28
)
LaTeX Font Info:    Try loading font information for U+msa on input line 55.
 ("C:\Program Files\MiKTeX 2.9\tex\latex\amsfonts\umsa.fd"
File: umsa.fd 2013/01/14 v3.01 AMS symbols A
)
LaTeX Font Info:    Try loading font information for U+msb on input line 55.

("C:\Program Files\MiKTeX 2.9\tex\latex\amsfonts\umsb.fd"
File: umsb.fd 2013/01/14 v3.01 AMS symbols B
)
LaTeX Font Info:    Try loading font information for U+lasy on input line 55.

("C:\Program Files\MiKTeX 2.9\tex\latex\base\ulasy.fd"
File: ulasy.fd 1998/08/17 v2.2e LaTeX symbol font definitions
) [1

{C:/ProgramData/MiKTeX/2.9/pdftex/config/pdftex.map}] [2] [3] [4]
Underfull \vbox (badness 10000) has occurred while \output is active []

 [5]
[6]
Overfull \hbox (4.37512pt too wide) in paragraph at lines 243--245
\OT1/cmr/m/n/10 From (3.1[]), the unique ex-is-tence of $\OML/cmm/m/it/10 R[]$ 
\OT1/cmr/m/n/10 in-fers the unique ex-is-tences of $\OML/cmm/m/it/10 R[]; [] ; 
R[]$\OT1/cmr/m/n/10 .
 []


Underfull \hbox (badness 10000) in paragraph at lines 246--257

 []

[7] [8] [9]
LaTeX Font Info:    Try loading font information for OMS+cmr on input line 357.

 ("C:\Program Files\MiKTeX 2.9\tex\latex\base\omscmr.fd"
File: omscmr.fd 1999/05/25 v2.5h Standard LaTeX font definitions
)
LaTeX Font Info:    Font shape `OMS/cmr/m/n' in size <10> not available
(Font)              Font shape `OMS/cmsy/m/n' tried instead on input line 357.
 [10]
[11] [12]
Overfull \hbox (19.1415pt too wide) in paragraph at lines 449--452
\OT1/cmr/m/n/10 mine $\OML/cmm/m/it/10 TopN[]\OT1/cmr/m/n/10 (\OML/cmm/m/it/10 
R[]; R[]\OT1/cmr/m/n/10 )$/$\OML/cmm/m/it/10 TopN[]\OT1/cmr/m/n/10 (\OML/cmm/m/
it/10 R[]; R[]\OT1/cmr/m/n/10 )$ which are the top $\OML/cmm/m/it/10 N$ \OT1/cm
r/m/n/10 in-creas-ing/decreasing
 []

<D1t20cNPC.png, id=64, 360.59718pt x 252.945pt>
File: D1t20cNPC.png Graphic file (type png)
 <use D1t20cNPC.png>
Package pdftex.def Info: D1t20cNPC.png used on input line 460.
(pdftex.def)             Requested size: 153.64383pt x 107.7723pt.

<D1t20cSD3R.png, id=65, 360.59718pt x 252.945pt>
File: D1t20cSD3R.png Graphic file (type png)
 <use D1t20cSD3R.png>
Package pdftex.def Info: D1t20cSD3R.png used on input line 461.
(pdftex.def)             Requested size: 153.64383pt x 107.7723pt.

<D2t20cNPC.png, id=66, 356.0803pt x 245.41687pt>
File: D2t20cNPC.png Graphic file (type png)
 <use D2t20cNPC.png>
Package pdftex.def Info: D2t20cNPC.png used on input line 462.
(pdftex.def)             Requested size: 153.64383pt x 105.89417pt.

<D2t20cSD3R.png, id=67, 356.0803pt x 245.41687pt>
File: D2t20cSD3R.png Graphic file (type png)
 <use D2t20cSD3R.png>
Package pdftex.def Info: D2t20cSD3R.png used on input line 463.
(pdftex.def)             Requested size: 153.64383pt x 105.89417pt.

<Top5cInc.png, id=68, 657.2053pt x 219.06844pt>
File: Top5cInc.png Graphic file (type png)
 <use Top5cInc.png>
Package pdftex.def Info: Top5cInc.png used on input line 481.
(pdftex.def)             Requested size: 307.28766pt x 102.43068pt.

<delta_rho.png, id=69, 329.73187pt x 57.96657pt>
File: delta_rho.png Graphic file (type png)
 <use delta_rho.png>
Package pdftex.def Info: delta_rho.png used on input line 489.
(pdftex.def)             Requested size: 170.71652pt x 30.01276pt.
 [13]
[14 <C:/Users/hienvu/Dropbox/LeAnhVu/HungaryJournal/D1t20cNPC.png> <C:/Users/hi
envu/Dropbox/LeAnhVu/HungaryJournal/D1t20cSD3R.png> <C:/Users/hienvu/Dropbox/Le
AnhVu/HungaryJournal/D2t20cNPC.png> <C:/Users/hienvu/Dropbox/LeAnhVu/HungaryJou
rnal/D2t20cSD3R.png> <C:/Users/hienvu/Dropbox/LeAnhVu/HungaryJournal/Top5cInc.p
ng> <C:/Users/hienvu/Dropbox/LeAnhVu/HungaryJournal/delta_rho.png>]
<D1t20aINC.png, id=77, 353.82187pt x 295.1025pt>
File: D1t20aINC.png Graphic file (type png)
 <use D1t20aINC.png>
Package pdftex.def Info: D1t20aINC.png used on input line 506.
(pdftex.def)             Requested size: 153.64383pt x 128.1479pt.

<D1t20aDEC.png, id=78, 353.82187pt x 295.1025pt>
File: D1t20aDEC.png Graphic file (type png)
 <use D1t20aDEC.png>
Package pdftex.def Info: D1t20aDEC.png used on input line 507.
(pdftex.def)             Requested size: 153.64383pt x 128.1479pt.

<D2t20aINC.png, id=79, 349.305pt x 280.04625pt>
File: D2t20aINC.png Graphic file (type png)
 <use D2t20aINC.png>
Package pdftex.def Info: D2t20aINC.png used on input line 508.
(pdftex.def)             Requested size: 153.64383pt x 123.18225pt.

<D2t20aDEC.png, id=80, 349.305pt x 280.04625pt>
File: D2t20aDEC.png Graphic file (type png)
 <use D2t20aDEC.png>
Package pdftex.def Info: D2t20aDEC.png used on input line 509.
(pdftex.def)             Requested size: 153.64383pt x 123.18225pt.

<T5adec.png, id=81, 577.40718pt x 97.86563pt>
File: T5adec.png Graphic file (type png)
 <use T5adec.png>
Package pdftex.def Info: T5adec.png used on input line 517.
(pdftex.def)             Requested size: 307.28766pt x 52.08505pt.

<T5ainc.png, id=82, 568.37344pt x 97.86563pt>
File: T5ainc.png Graphic file (type png)
 <use T5ainc.png>
Package pdftex.def Info: T5ainc.png used on input line 525.
(pdftex.def)             Requested size: 307.28766pt x 52.91234pt.

Overfull \hbox (0.98297pt too wide) in paragraph at lines 534--536
\OT1/cmr/m/n/10 se-ries: the Text RE-trieval Con-fer-ence (TREC), TREC Video (T
RECVid),
 []

[15] [16 <C:/Users/hienvu/Dropbox/LeAnhVu/HungaryJournal/D1t20aINC.png> <C:/Use
rs/hienvu/Dropbox/LeAnhVu/HungaryJournal/D1t20aDEC.png> <C:/Users/hienvu/Dropbo
x/LeAnhVu/HungaryJournal/D2t20aINC.png> <C:/Users/hienvu/Dropbox/LeAnhVu/Hungar
yJournal/D2t20aDEC.png> <C:/Users/hienvu/Dropbox/LeAnhVu/HungaryJournal/T5adec.
png> <C:/Users/hienvu/Dropbox/LeAnhVu/HungaryJournal/T5ainc.png>]
<DiffRank.png, id=89, 654.94687pt x 79.79813pt>
File: DiffRank.png Graphic file (type png)
 <use DiffRank.png>
Package pdftex.def Info: DiffRank.png used on input line 564.
(pdftex.def)             Requested size: 324.36035pt x 39.51906pt.

<Dct20NPCc.png, id=90, 358.33875pt x 244.66406pt>
File: Dct20NPCc.png Graphic file (type png)
 <use Dct20NPCc.png>
Package pdftex.def Info: Dct20NPCc.png used on input line 572.
(pdftex.def)             Requested size: 153.64383pt x 104.90483pt.

<DCt20NCCc.png, id=91, 358.33875pt x 244.66406pt>
File: DCt20NCCc.png Graphic file (type png)
 <use DCt20NCCc.png>
Package pdftex.def Info: DCt20NCCc.png used on input line 573.
(pdftex.def)             Requested size: 153.64383pt x 104.90483pt.

<DCt40SC4Rc.png, id=92, 597.73312pt x 244.66406pt>
File: DCt40SC4Rc.png Graphic file (type png)
 <use DCt40SC4Rc.png>
Package pdftex.def Info: DCt40SC4Rc.png used on input line 574.
(pdftex.def)             Requested size: 307.28766pt x 125.78127pt.

<Top10Conf.png, id=93, 721.94719pt x 170.13562pt>
File: Top10Conf.png Graphic file (type png)
 <use Top10Conf.png>
Package pdftex.def Info: Top10Conf.png used on input line 580.
(pdftex.def)             Requested size: 324.36035pt x 76.4383pt.
 [17 <C:/Users/hienvu/Dropbox/LeAnhVu/HungaryJournal/DiffRank.png>] [18 <C:/Use
rs/hienvu/Dropbox/LeAnhVu/HungaryJournal/Dct20NPCc.png> <C:/Users/hienvu/Dropbo
x/LeAnhVu/HungaryJournal/DCt20NCCc.png> <C:/Users/hienvu/Dropbox/LeAnhVu/Hungar
yJournal/DCt40SC4Rc.png> <C:/Users/hienvu/Dropbox/LeAnhVu/HungaryJournal/Top10C
onf.png>]
[19] <DCt20NPCa.png, id=104, 386.19281pt x 262.73157pt>
File: DCt20NPCa.png Graphic file (type png)
 <use DCt20NPCa.png>
Package pdftex.def Info: DCt20NPCa.png used on input line 618.
(pdftex.def)             Requested size: 153.64383pt x 104.5255pt.

<DCt20NCCa.png, id=105, 386.19281pt x 262.73157pt>
File: DCt20NCCa.png Graphic file (type png)
 <use DCt20NCCa.png>
Package pdftex.def Info: DCt20NCCa.png used on input line 619.
(pdftex.def)             Requested size: 153.64383pt x 104.5255pt.

<DCt20Hindexa.png, id=106, 386.19281pt x 262.73157pt>
File: DCt20Hindexa.png Graphic file (type png)
 <use DCt20Hindexa.png>
Package pdftex.def Info: DCt20Hindexa.png used on input line 620.
(pdftex.def)             Requested size: 153.64383pt x 104.5255pt.

<DCt20SC4Ra.png, id=107, 386.19281pt x 262.73157pt>
File: DCt20SC4Ra.png Graphic file (type png)
 <use DCt20SC4Ra.png>
Package pdftex.def Info: DCt20SC4Ra.png used on input line 621.
(pdftex.def)             Requested size: 153.64383pt x 104.5255pt.

<DCt20SC4Ra-f.png, id=108, 445.665pt x 320.69812pt>
File: DCt20SC4Ra-f.png Graphic file (type png)
 <use DCt20SC4Ra-f.png>
Package pdftex.def Info: DCt20SC4Ra-f.png used on input line 628.
(pdftex.def)             Requested size: 324.36035pt x 233.40791pt.

Underfull \vbox (badness 10000) has occurred while \output is active []

 [20 <C:/Users/hienvu/Dropbox/LeAnhVu/HungaryJournal/DCt20NPCa.png> <C:/Users/h
ienvu/Dropbox/LeAnhVu/HungaryJournal/DCt20NCCa.png> <C:/Users/hienvu/Dropbox/Le
AnhVu/HungaryJournal/DCt20Hindexa.png> <C:/Users/hienvu/Dropbox/LeAnhVu/Hungary
Journal/DCt20SC4Ra.png>]
Overfull \hbox (4.32562pt too wide) in paragraph at lines 640--644
[]\OT1/cmr/m/it/10 Named en-ti-ties: \OT1/cmr/m/n/10 In Nat-u-ral Lan-guage Pro
-cess-ing (NLP) com-mu-ni-ties, named
 []

[21 <C:/Users/hienvu/Dropbox/LeAnhVu/HungaryJournal/DCt20SC4Ra-f.png>] [22]
Missing character: There is no Ã in font cmbx10!
Missing character: There is no ¡ in font cmbx10!
Missing character: There is no Ã in font cmbx10!
Missing character: There is no º in font cmbx10!
Missing character: There is no Ã in font cmbx10!
Missing character: There is no ³ in font cmbx10!

Underfull \hbox (badness 1142) in paragraph at lines 702--705
[]\OT1/cmr/bx/n/10 Eduardo Snchez-Burillo, Jordi Duch, Jess Gmez-Gardenes,
 []

Missing character: There is no â in font cmr10!
Missing character: There is no € in font cmr10!
Missing character: There is no “ in font cmr10!

Underfull \hbox (badness 1297) in paragraph at lines 736--740
[]\OT1/cmr/bx/n/10 Michael Collins. \OT1/cmr/m/n/10 Rank-ing al-go-rithms for n
amed-entity ex-trac-tion:
 []

[23]
Underfull \hbox (badness 10000) in paragraph at lines 758--761
[]\OT1/cmr/bx/n/10 Microsoft Cor-po-ra-tion. \OT1/cmr/m/n/10 Mi-crosoft Aca-dem
ic Search.
 []


Underfull \hbox (badness 10000) in paragraph at lines 809--814

 []


Underfull \hbox (badness 10000) in paragraph at lines 815--820

 []

[24]
Underfull \hbox (badness 10000) in paragraph at lines 821--826

 []


Underfull \hbox (badness 10000) in paragraph at lines 827--832

 []

[25] (C:\Users\hienvu\Dropbox\LeAnhVu\HungaryJournal\RankingVuMay25.aux) ) 
Here is how much of TeX's memory you used:
 2544 strings out of 493921
 31740 string characters out of 3147279
 87610 words of memory out of 3000000
 5776 multiletter control sequences out of 15000+200000
 15485 words of font info for 64 fonts, out of 3000000 for 9000
 841 hyphenation exceptions out of 8191
 34i,19n,45p,1092b,354s stack positions out of 5000i,500n,10000p,200000b,50000s
<C:/P
rogram Files/MiKTeX 2.9/fonts/type1/public/amsfonts/cm/cmbx10.pfb><C:/Program F
iles/MiKTeX 2.9/fonts/type1/public/amsfonts/cm/cmbx12.pfb><C:/Program Files/MiK
TeX 2.9/fonts/type1/public/amsfonts/cm/cmbx7.pfb><C:/Program Files/MiKTeX 2.9/f
onts/type1/public/amsfonts/cm/cmbx8.pfb><C:/Program Files/MiKTeX 2.9/fonts/type
1/public/amsfonts/cm/cmbx9.pfb><C:/Program Files/MiKTeX 2.9/fonts/type1/public/
amsfonts/cm/cmex10.pfb><C:/Program Files/MiKTeX 2.9/fonts/type1/public/amsfonts
/cm/cmitt10.pfb><C:/Program Files/MiKTeX 2.9/fonts/type1/public/amsfonts/cm/cmm
i10.pfb><C:/Program Files/MiKTeX 2.9/fonts/type1/public/amsfonts/cm/cmmi5.pfb><
C:/Program Files/MiKTeX 2.9/fonts/type1/public/amsfonts/cm/cmmi7.pfb><C:/Progra
m Files/MiKTeX 2.9/fonts/type1/public/amsfonts/cm/cmmi9.pfb><C:/Program Files/M
iKTeX 2.9/fonts/type1/public/amsfonts/cm/cmr10.pfb><C:/Program Files/MiKTeX 2.9
/fonts/type1/public/amsfonts/cm/cmr5.pfb><C:/Program Files/MiKTeX 2.9/fonts/typ
e1/public/amsfonts/cm/cmr7.pfb><C:/Program Files/MiKTeX 2.9/fonts/type1/public/
amsfonts/cm/cmr8.pfb><C:/Program Files/MiKTeX 2.9/fonts/type1/public/amsfonts/c
m/cmr9.pfb><C:/Program Files/MiKTeX 2.9/fonts/type1/public/amsfonts/cm/cmsy10.p
fb><C:/Program Files/MiKTeX 2.9/fonts/type1/public/amsfonts/cm/cmsy5.pfb><C:/Pr
ogram Files/MiKTeX 2.9/fonts/type1/public/amsfonts/cm/cmsy6.pfb><C:/Program Fil
es/MiKTeX 2.9/fonts/type1/public/amsfonts/cm/cmsy7.pfb><C:/Program Files/MiKTeX
 2.9/fonts/type1/public/amsfonts/cm/cmsy9.pfb><C:/Program Files/MiKTeX 2.9/font
s/type1/public/amsfonts/cm/cmti10.pfb><C:/Program Files/MiKTeX 2.9/fonts/type1/
public/amsfonts/cm/cmti8.pfb><C:/Program Files/MiKTeX 2.9/fonts/type1/public/am
sfonts/cm/cmtt10.pfb><C:/Program Files/MiKTeX 2.9/fonts/type1/public/amsfonts/c
m/cmtt8.pfb><C:/Program Files/MiKTeX 2.9/fonts/type1/public/amsfonts/symbols/ms
am10.pfb>
Output written on RankingVuMay25.pdf (25 pages, 691884 bytes).
PDF statistics:
 211 PDF objects out of 1000 (max. 8388607)
 0 named destinations out of 1000 (max. 500000)
 111 words of extra memory for PDF output out of 10000 (max. 10000000)

