This is pdfTeX, Version 3.1415926-2.4-1.40.13 (MiKTeX 2.9) (preloaded format=pdflatex 2013.7.16)  1 JUN 2014 03:32
entering extended mode
**RankingHaiMay30.tex

(F:\vohoanghai2\Dropbox-vohoanghai2-gmail\Dropbox\LeAnhVu\HungaryJournal\Rankin
gHaiMay30.tex
LaTeX2e <2011/06/27>
Babel <v3.8m> and hyphenation patterns for english, afrikaans, ancientgreek, ar
abic, armenian, assamese, basque, bengali, bokmal, bulgarian, catalan, coptic, 
croatian, czech, danish, dutch, esperanto, estonian, farsi, finnish, french, ga
lician, german, german-x-2012-05-30, greek, gujarati, hindi, hungarian, iceland
ic, indonesian, interlingua, irish, italian, kannada, kurmanji, latin, latvian,
 lithuanian, malayalam, marathi, mongolian, mongolianlmc, monogreek, ngerman, n
german-x-2012-05-30, nynorsk, oriya, panjabi, pinyin, polish, portuguese, roman
ian, russian, sanskrit, serbian, slovak, slovenian, spanish, swedish, swissgerm
an, tamil, telugu, turkish, turkmen, ukenglish, ukrainian, uppersorbian, usengl
ishmax, welsh, loaded.

(F:\vohoanghai2\Dropbox-vohoanghai2-gmail\Dropbox\svmono\MIKTEX\tex\latex\base\
article.cls
Document Class: article 2007/10/19 v1.4h Standard LaTeX document class

(F:\vohoanghai2\Dropbox-vohoanghai2-gmail\Dropbox\svmono\MIKTEX\tex\latex\base\
leqno.clo
File: leqno.clo 1998/08/17 v1.1c Standard LaTeX option (left equation numbers)
)
(F:\vohoanghai2\Dropbox-vohoanghai2-gmail\Dropbox\svmono\MIKTEX\tex\latex\base\
size10.clo
File: size10.clo 2007/10/19 v1.4h Standard LaTeX file (size option)
)
\c@part=\count79
\c@section=\count80
\c@subsection=\count81
\c@subsubsection=\count82
\c@paragraph=\count83
\c@subparagraph=\count84
\c@figure=\count85
\c@table=\count86
\abovecaptionskip=\skip41
\belowcaptionskip=\skip42
\bibindent=\dimen102
)
(F:\vohoanghai2\Dropbox-vohoanghai2-gmail\Dropbox\svmono\MIKTEX\tex\latex\graph
ics\graphicx.sty
Package: graphicx 1999/02/16 v1.0f Enhanced LaTeX Graphics (DPC,SPQR)

(F:\vohoanghai2\Dropbox-vohoanghai2-gmail\Dropbox\svmono\MIKTEX\tex\latex\graph
ics\keyval.sty
Package: keyval 1999/03/16 v1.13 key=value parser (DPC)
\KV@toks@=\toks14
)
(F:\vohoanghai2\Dropbox-vohoanghai2-gmail\Dropbox\svmono\MIKTEX\tex\latex\graph
ics\graphics.sty
Package: graphics 2009/02/05 v1.0o Standard LaTeX Graphics (DPC,SPQR)

(F:\vohoanghai2\Dropbox-vohoanghai2-gmail\Dropbox\svmono\MIKTEX\tex\latex\graph
ics\trig.sty
Package: trig 1999/03/16 v1.09 sin cos tan (DPC)
)
(F:\vohoanghai2\Dropbox-vohoanghai2-gmail\Dropbox\svmono\MIKTEX\tex\latex\00mik
tex\graphics.cfg
File: graphics.cfg 2007/01/18 v1.5 graphics configuration of teTeX/TeXLive
)
Package graphics Info: Driver file: pdftex.def on input line 91.

(F:\vohoanghai2\Dropbox-vohoanghai2-gmail\Dropbox\svmono\MIKTEX\tex\latex\pdfte
x-def\pdftex.def
File: pdftex.def 2011/05/27 v0.06d Graphics/color for pdfTeX

(F:\vohoanghai2\Dropbox-vohoanghai2-gmail\Dropbox\svmono\MIKTEX\tex\generic\obe
rdiek\infwarerr.sty
Package: infwarerr 2010/04/08 v1.3 Providing info/warning/error messages (HO)
)
(F:\vohoanghai2\Dropbox-vohoanghai2-gmail\Dropbox\svmono\MIKTEX\tex\generic\obe
rdiek\ltxcmds.sty
Package: ltxcmds 2011/11/09 v1.22 LaTeX kernel commands for general use (HO)
)
\Gread@gobject=\count87
))
\Gin@req@height=\dimen103
\Gin@req@width=\dimen104
)
(F:\vohoanghai2\Dropbox-vohoanghai2-gmail\Dropbox\LeAnhVu\HungaryJournal\annal-
latex.sty
(F:\vohoanghai2\Dropbox-vohoanghai2-gmail\Dropbox\svmono\MIKTEX\tex\latex\amsfo
nts\amsfonts.sty
Package: amsfonts 2009/06/22 v3.00 Basic AMSFonts support
\@emptytoks=\toks15
\symAMSa=\mathgroup4
\symAMSb=\mathgroup5
LaTeX Font Info:    Overwriting math alphabet `\mathfrak' in version `bold'
(Font)                  U/euf/m/n --> U/euf/b/n on input line 96.
)
(F:\vohoanghai2\Dropbox-vohoanghai2-gmail\Dropbox\svmono\MIKTEX\tex\latex\ams\m
ath\amsmath.sty
Package: amsmath 2000/07/18 v2.13 AMS math features
\@mathmargin=\skip43

For additional information on amsmath, use the `?' option.

(F:\vohoanghai2\Dropbox-vohoanghai2-gmail\Dropbox\svmono\MIKTEX\tex\latex\ams\m
ath\amstext.sty
Package: amstext 2000/06/29 v2.01

(F:\vohoanghai2\Dropbox-vohoanghai2-gmail\Dropbox\svmono\MIKTEX\tex\latex\ams\m
ath\amsgen.sty
File: amsgen.sty 1999/11/30 v2.0
\@emptytoks=\toks16
\ex@=\dimen105
))
(F:\vohoanghai2\Dropbox-vohoanghai2-gmail\Dropbox\svmono\MIKTEX\tex\latex\ams\m
ath\amsbsy.sty
Package: amsbsy 1999/11/29 v1.2d
\pmbraise@=\dimen106
)
(F:\vohoanghai2\Dropbox-vohoanghai2-gmail\Dropbox\svmono\MIKTEX\tex\latex\ams\m
ath\amsopn.sty
Package: amsopn 1999/12/14 v2.01 operator names
)
\inf@bad=\count88
LaTeX Info: Redefining \frac on input line 211.
\uproot@=\count89
\leftroot@=\count90
LaTeX Info: Redefining \overline on input line 307.
\classnum@=\count91
\DOTSCASE@=\count92
LaTeX Info: Redefining \ldots on input line 379.
LaTeX Info: Redefining \dots on input line 382.
LaTeX Info: Redefining \cdots on input line 467.
\Mathstrutbox@=\box26
\strutbox@=\box27
\big@size=\dimen107
LaTeX Font Info:    Redeclaring font encoding OML on input line 567.
LaTeX Font Info:    Redeclaring font encoding OMS on input line 568.
\macc@depth=\count93
\c@MaxMatrixCols=\count94
\dotsspace@=\muskip10
\c@parentequation=\count95
\dspbrk@lvl=\count96
\tag@help=\toks17
\row@=\count97
\column@=\count98
\maxfields@=\count99
\andhelp@=\toks18
\eqnshift@=\dimen108
\alignsep@=\dimen109
\tagshift@=\dimen110
\tagwidth@=\dimen111
\totwidth@=\dimen112
\lineht@=\dimen113
\@envbody=\toks19
\multlinegap=\skip44
\multlinetaggap=\skip45
\mathdisplay@stack=\toks20
LaTeX Info: Redefining \[ on input line 2666.
LaTeX Info: Redefining \] on input line 2667.
)
(F:\vohoanghai2\Dropbox-vohoanghai2-gmail\Dropbox\svmono\MIKTEX\tex\latex\ams\c
lasses\amsthm.sty
Package: amsthm 2004/08/06 v2.20
\thm@style=\toks21
\thm@bodyfont=\toks22
\thm@headfont=\toks23
\thm@notefont=\toks24
\thm@headpunct=\toks25
\thm@preskip=\skip46
\thm@postskip=\skip47
\thm@headsep=\skip48
\dth@everypar=\toks26
)
(F:\vohoanghai2\Dropbox-vohoanghai2-gmail\Dropbox\svmono\MIKTEX\tex\latex\fancy
hdr\fancyhdr.sty
\fancy@headwidth=\skip49
\f@ncyO@elh=\skip50
\f@ncyO@erh=\skip51
\f@ncyO@olh=\skip52
\f@ncyO@orh=\skip53
\f@ncyO@elf=\skip54
\f@ncyO@erf=\skip55
\f@ncyO@olf=\skip56
\f@ncyO@orf=\skip57
)
(F:\vohoanghai2\Dropbox-vohoanghai2-gmail\Dropbox\svmono\MIKTEX\tex\latex\amsfo
nts\amssymb.sty
Package: amssymb 2009/06/22 v3.00
))
(F:\vohoanghai2\Dropbox-vohoanghai2-gmail\Dropbox\svmono\MIKTEX\tex\latex\base\
makeidx.sty
Package: makeidx 2000/03/29 v1.0m Standard LaTeX package
)
(F:\vohoanghai2\Dropbox-vohoanghai2-gmail\Dropbox\svmono\MIKTEX\tex\latex\base\
latexsym.sty
Package: latexsym 1998/08/17 v2.2e Standard LaTeX package (lasy symbols)
\symlasy=\mathgroup6
LaTeX Font Info:    Overwriting symbol font `lasy' in version `bold'
(Font)                  U/lasy/m/n --> U/lasy/b/n on input line 47.
)
\c@theorem=\count100
\c@lemma=\count101
\c@corollary=\count102
\c@definition=\count103
\c@remark=\count104

(F:\vohoanghai2\Dropbox-vohoanghai2-gmail\Dropbox\LeAnhVu\HungaryJournal\Rankin
gHaiMay30.aux)
LaTeX Font Info:    Checking defaults for OML/cmm/m/it on input line 50.
LaTeX Font Info:    ... okay on input line 50.
LaTeX Font Info:    Checking defaults for T1/cmr/m/n on input line 50.
LaTeX Font Info:    ... okay on input line 50.
LaTeX Font Info:    Checking defaults for OT1/cmr/m/n on input line 50.
LaTeX Font Info:    ... okay on input line 50.
LaTeX Font Info:    Checking defaults for OMS/cmsy/m/n on input line 50.
LaTeX Font Info:    ... okay on input line 50.
LaTeX Font Info:    Checking defaults for OMX/cmex/m/n on input line 50.
LaTeX Font Info:    ... okay on input line 50.
LaTeX Font Info:    Checking defaults for U/cmr/m/n on input line 50.
LaTeX Font Info:    ... okay on input line 50.

(F:\vohoanghai2\Dropbox-vohoanghai2-gmail\Dropbox\svmono\MIKTEX\tex\context\bas
e\supp-pdf.mkii
[Loading MPS to PDF converter (version 2006.09.02).]
\scratchcounter=\count105
\scratchdimen=\dimen114
\scratchbox=\box28
\nofMPsegments=\count106
\nofMParguments=\count107
\everyMPshowfont=\toks27
\MPscratchCnt=\count108
\MPscratchDim=\dimen115
\MPnumerator=\count109
\makeMPintoPDFobject=\count110
\everyMPtoPDFconversion=\toks28
)
LaTeX Font Info:    Try loading font information for U+msa on input line 55.

(F:\vohoanghai2\Dropbox-vohoanghai2-gmail\Dropbox\svmono\MIKTEX\tex\latex\amsfo
nts\umsa.fd
File: umsa.fd 2009/06/22 v3.00 AMS symbols A
)
LaTeX Font Info:    Try loading font information for U+msb on input line 55.

(F:\vohoanghai2\Dropbox-vohoanghai2-gmail\Dropbox\svmono\MIKTEX\tex\latex\amsfo
nts\umsb.fd
File: umsb.fd 2009/06/22 v3.00 AMS symbols B
)
LaTeX Font Info:    Try loading font information for U+lasy on input line 55.

(F:\vohoanghai2\Dropbox-vohoanghai2-gmail\Dropbox\svmono\MIKTEX\tex\latex\base\
ulasy.fd
File: ulasy.fd 1998/08/17 v2.2e LaTeX symbol font definitions
) [1

{F:/vohoanghai2/Dropbox-vohoanghai2-gmail/Dropbox/svmono/MIKTEX/pdftex/config/p
dftex.map}] [2] [3] [4]
Underfull \vbox (badness 10000) has occurred while \output is active []

 [5]
[6]
Overfull \hbox (4.37512pt too wide) in paragraph at lines 243--245
\OT1/cmr/m/n/10 From (3.1[]), the unique ex-is-tence of $\OML/cmm/m/it/10 R[]$ 
\OT1/cmr/m/n/10 in-fers the unique ex-is-tences of $\OML/cmm/m/it/10 R[]; [] ; 
R[]$\OT1/cmr/m/n/10 .
 []


Underfull \hbox (badness 10000) in paragraph at lines 246--257

 []

[7] [8] [9]
LaTeX Font Info:    Try loading font information for OMS+cmr on input line 357.


(F:\vohoanghai2\Dropbox-vohoanghai2-gmail\Dropbox\svmono\MIKTEX\tex\latex\base\
omscmr.fd
File: omscmr.fd 1999/05/25 v2.5h Standard LaTeX font definitions
)
LaTeX Font Info:    Font shape `OMS/cmr/m/n' in size <10> not available
(Font)              Font shape `OMS/cmsy/m/n' tried instead on input line 357.
 [10] [11] [12] <D1t20cNPC.png, id=64, 360.59718pt x 252.945pt>
File: D1t20cNPC.png Graphic file (type png)

<use D1t20cNPC.png>
Package pdftex.def Info: D1t20cNPC.png used on input line 461.
(pdftex.def)             Requested size: 153.64383pt x 107.7723pt.
 <D1t20cSD3R.png, id=65, 360.59718pt x 252.945pt>
File: D1t20cSD3R.png Graphic file (type png)

<use D1t20cSD3R.png>
Package pdftex.def Info: D1t20cSD3R.png used on input line 462.
(pdftex.def)             Requested size: 153.64383pt x 107.7723pt.
 <D2t20cNPC.png, id=66, 356.0803pt x 245.41687pt>
File: D2t20cNPC.png Graphic file (type png)

<use D2t20cNPC.png>
Package pdftex.def Info: D2t20cNPC.png used on input line 463.
(pdftex.def)             Requested size: 153.64383pt x 105.89417pt.
 <D2t20cSD3R.png, id=67, 356.0803pt x 245.41687pt>
File: D2t20cSD3R.png Graphic file (type png)

<use D2t20cSD3R.png>
Package pdftex.def Info: D2t20cSD3R.png used on input line 464.
(pdftex.def)             Requested size: 153.64383pt x 105.89417pt.
 <Top5cInc.png, id=68, 657.2053pt x 219.06844pt>
File: Top5cInc.png Graphic file (type png)

<use Top5cInc.png>
Package pdftex.def Info: Top5cInc.png used on input line 479.
(pdftex.def)             Requested size: 307.28766pt x 102.43068pt.
 <delta_rho.png, id=69, 246.9225pt x 73.77562pt>
File: delta_rho.png Graphic file (type png)

<use delta_rho.png>
Package pdftex.def Info: delta_rho.png used on input line 487.
(pdftex.def)             Requested size: 170.71652pt x 51.00653pt.
 [13] [14 <F:/vohoanghai2/Dropbox-vohoanghai2-gmail/Dropbox/LeAnhVu/HungaryJour
nal/D1t20cNPC.png> <F:/vohoanghai2/Dropbox-vohoanghai2-gmail/Dropbox/LeAnhVu/Hu
ngaryJournal/D1t20cSD3R.png> <F:/vohoanghai2/Dropbox-vohoanghai2-gmail/Dropbox/
LeAnhVu/HungaryJournal/D2t20cNPC.png> <F:/vohoanghai2/Dropbox-vohoanghai2-gmail
/Dropbox/LeAnhVu/HungaryJournal/D2t20cSD3R.png> <F:/vohoanghai2/Dropbox-vohoang
hai2-gmail/Dropbox/LeAnhVu/HungaryJournal/Top5cInc.png> <F:/vohoanghai2/Dropbox
-vohoanghai2-gmail/Dropbox/LeAnhVu/HungaryJournal/delta_rho.png>] <D1t20aINC.pn
g, id=77, 353.82187pt x 295.1025pt>
File: D1t20aINC.png Graphic file (type png)
 <use D1t20aINC.png>
Package pdftex.def Info: D1t20aINC.png used on input line 504.
(pdftex.def)             Requested size: 153.64383pt x 128.1479pt.

<D1t20aDEC.png, id=78, 353.82187pt x 295.1025pt>
File: D1t20aDEC.png Graphic file (type png)
 <use D1t20aDEC.png>
Package pdftex.def Info: D1t20aDEC.png used on input line 505.
(pdftex.def)             Requested size: 153.64383pt x 128.1479pt.

<D2t20aINC.png, id=79, 349.305pt x 280.04625pt>
File: D2t20aINC.png Graphic file (type png)
 <use D2t20aINC.png>
Package pdftex.def Info: D2t20aINC.png used on input line 506.
(pdftex.def)             Requested size: 153.64383pt x 123.18225pt.

<D2t20aDEC.png, id=80, 349.305pt x 280.04625pt>
File: D2t20aDEC.png Graphic file (type png)
 <use D2t20aDEC.png>
Package pdftex.def Info: D2t20aDEC.png used on input line 507.
(pdftex.def)             Requested size: 153.64383pt x 123.18225pt.

<T5adec.png, id=81, 577.40718pt x 97.86563pt>
File: T5adec.png Graphic file (type png)
 <use T5adec.png>
Package pdftex.def Info: T5adec.png used on input line 515.
(pdftex.def)             Requested size: 307.28766pt x 52.08505pt.

<T5ainc.png, id=82, 568.37344pt x 97.86563pt>
File: T5ainc.png Graphic file (type png)
 <use T5ainc.png>
Package pdftex.def Info: T5ainc.png used on input line 523.
(pdftex.def)             Requested size: 307.28766pt x 52.91234pt.

Overfull \hbox (0.98297pt too wide) in paragraph at lines 532--534
\OT1/cmr/m/n/10 se-ries: the Text RE-trieval Con-fer-ence (TREC), TREC Video (T
RECVid),
 []

[15] [16 <F:/vohoanghai2/Dropbox-vohoanghai2-gmail/Dropbox/LeAnhVu/HungaryJourn
al/D1t20aINC.png> <F:/vohoanghai2/Dropbox-vohoanghai2-gmail/Dropbox/LeAnhVu/Hun
garyJournal/D1t20aDEC.png> <F:/vohoanghai2/Dropbox-vohoanghai2-gmail/Dropbox/Le
AnhVu/HungaryJournal/D2t20aINC.png> <F:/vohoanghai2/Dropbox-vohoanghai2-gmail/D
ropbox/LeAnhVu/HungaryJournal/D2t20aDEC.png> <F:/vohoanghai2/Dropbox-vohoanghai
2-gmail/Dropbox/LeAnhVu/HungaryJournal/T5adec.png> <F:/vohoanghai2/Dropbox-voho
anghai2-gmail/Dropbox/LeAnhVu/HungaryJournal/T5ainc.png>]
<DiffRank.png, id=89, 447.92343pt x 88.07906pt>
File: DiffRank.png Graphic file (type png)
 <use DiffRank.png>
Package pdftex.def Info: DiffRank.png used on input line 563.
(pdftex.def)             Requested size: 324.36035pt x 63.78377pt.
 [17 <F:/vohoanghai2/Dropbox-vohoanghai2-gmail/Dropbox/LeAnhVu/HungaryJournal/D
iffRank.png>] <Dct20NPCc.png, id=93, 358.33875pt x 244.66406pt>
File: Dct20NPCc.png Graphic file (type png)
 <use Dct20NPCc.png>
Package pdftex.def Info: Dct20NPCc.png used on input line 589.
(pdftex.def)             Requested size: 153.64383pt x 104.90483pt.

<DCt20NCCc.png, id=94, 358.33875pt x 244.66406pt>
File: DCt20NCCc.png Graphic file (type png)
 <use DCt20NCCc.png>
Package pdftex.def Info: DCt20NCCc.png used on input line 590.
(pdftex.def)             Requested size: 153.64383pt x 104.90483pt.

<DCt40SC4Rc.png, id=95, 597.73312pt x 244.66406pt>
File: DCt40SC4Rc.png Graphic file (type png)
 <use DCt40SC4Rc.png>
Package pdftex.def Info: DCt40SC4Rc.png used on input line 591.
(pdftex.def)             Requested size: 307.28766pt x 125.78127pt.

<Top10Conf.png, id=96, 624.83438pt x 168.63pt>
File: Top10Conf.png Graphic file (type png)
 <use Top10Conf.png>
Package pdftex.def Info: Top10Conf.png used on input line 598.
(pdftex.def)             Requested size: 324.36035pt x 87.53885pt.
 [18]
[19 <F:/vohoanghai2/Dropbox-vohoanghai2-gmail/Dropbox/LeAnhVu/HungaryJournal/Dc
t20NPCc.png> <F:/vohoanghai2/Dropbox-vohoanghai2-gmail/Dropbox/LeAnhVu/HungaryJ
ournal/DCt20NCCc.png> <F:/vohoanghai2/Dropbox-vohoanghai2-gmail/Dropbox/LeAnhVu
/HungaryJournal/DCt40SC4Rc.png> <F:/vohoanghai2/Dropbox-vohoanghai2-gmail/Dropb
ox/LeAnhVu/HungaryJournal/Top10Conf.png>]
<DCt20NPCa.png, id=104, 386.19281pt x 262.73157pt>
File: DCt20NPCa.png Graphic file (type png)
 <use DCt20NPCa.png>
Package pdftex.def Info: DCt20NPCa.png used on input line 626.
(pdftex.def)             Requested size: 153.64383pt x 104.5255pt.

<DCt20NCCa.png, id=105, 386.19281pt x 262.73157pt>
File: DCt20NCCa.png Graphic file (type png)
 <use DCt20NCCa.png>
Package pdftex.def Info: DCt20NCCa.png used on input line 627.
(pdftex.def)             Requested size: 153.64383pt x 104.5255pt.

<DCt20Hindexa.png, id=106, 386.19281pt x 262.73157pt>
File: DCt20Hindexa.png Graphic file (type png)
 <use DCt20Hindexa.png>
Package pdftex.def Info: DCt20Hindexa.png used on input line 628.
(pdftex.def)             Requested size: 153.64383pt x 104.5255pt.

<DCt20SC4Ra.png, id=107, 386.19281pt x 262.73157pt>
File: DCt20SC4Ra.png Graphic file (type png)
 <use DCt20SC4Ra.png>
Package pdftex.def Info: DCt20SC4Ra.png used on input line 629.
(pdftex.def)             Requested size: 153.64383pt x 104.5255pt.

<DCt20SC4Ra-f.png, id=108, 445.665pt x 320.69812pt>
File: DCt20SC4Ra-f.png Graphic file (type png)
 <use DCt20SC4Ra-f.png>
Package pdftex.def Info: DCt20SC4Ra-f.png used on input line 636.
(pdftex.def)             Requested size: 324.36035pt x 233.40791pt.

Underfull \vbox (badness 10000) has occurred while \output is active []

 [20 <F:/vohoanghai2/Dropbox-vohoanghai2-gmail/Dropbox/LeAnhVu/HungaryJournal/D
Ct20NPCa.png> <F:/vohoanghai2/Dropbox-vohoanghai2-gmail/Dropbox/LeAnhVu/Hungary
Journal/DCt20NCCa.png> <F:/vohoanghai2/Dropbox-vohoanghai2-gmail/Dropbox/LeAnhV
u/HungaryJournal/DCt20Hindexa.png> <F:/vohoanghai2/Dropbox-vohoanghai2-gmail/Dr
opbox/LeAnhVu/HungaryJournal/DCt20SC4Ra.png>] [21 <F:/vohoanghai2/Dropbox-vohoa
nghai2-gmail/Dropbox/LeAnhVu/HungaryJournal/DCt20SC4Ra-f.png>]
Underfull \vbox (badness 10000) has occurred while \output is active []

 [22]
Underfull \vbox (badness 4441) has occurred while \output is active []

 [23]
Missing character: There is no Ã in font cmbx10!
Missing character: There is no ¡ in font cmbx10!
Missing character: There is no Ã in font cmbx10!
Missing character: There is no º in font cmbx10!
Missing character: There is no Ã in font cmbx10!
Missing character: There is no ³ in font cmbx10!

Underfull \hbox (badness 1142) in paragraph at lines 684--687
[]\OT1/cmr/bx/n/10 Eduardo Snchez-Burillo, Jordi Duch, Jess Gmez-Gardenes,
 []

Missing character: There is no â in font cmr10!
Missing character: There is no € in font cmr10!
Missing character: There is no “ in font cmr10!

Underfull \hbox (badness 10000) in paragraph at lines 740--743
[]\OT1/cmr/bx/n/10 Microsoft Cor-po-ra-tion. \OT1/cmr/m/n/10 Mi-crosoft Aca-dem
ic Search.
 []

[24]
Underfull \hbox (badness 10000) in paragraph at lines 805--810

 []

[25]
Underfull \hbox (badness 10000) in paragraph at lines 811--816

 []


Underfull \hbox (badness 10000) in paragraph at lines 817--822

 []


Underfull \hbox (badness 10000) in paragraph at lines 823--828

 []

[26]
(F:\vohoanghai2\Dropbox-vohoanghai2-gmail\Dropbox\LeAnhVu\HungaryJournal\Rankin
gHaiMay30.aux) ) 
Here is how much of TeX's memory you used:
 2542 strings out of 493921
 34248 string characters out of 3133992
 87578 words of memory out of 3000000
 5772 multiletter control sequences out of 15000+200000
 15485 words of font info for 64 fonts, out of 3000000 for 9000
 841 hyphenation exceptions out of 8191
 34i,19n,45p,1093b,354s stack positions out of 5000i,500n,10000p,200000b,50000s
<F:/vohoanghai2/Dropbox-vohoanghai2-gmail/Dropbox/svmono/MIKTEX
/fonts/type1/public/amsfonts/cm/cmbx10.pfb><F:/vohoanghai2/Dropbox-vohoanghai2-
gmail/Dropbox/svmono/MIKTEX/fonts/type1/public/amsfonts/cm/cmbx12.pfb><F:/vohoa
nghai2/Dropbox-vohoanghai2-gmail/Dropbox/svmono/MIKTEX/fonts/type1/public/amsfo
nts/cm/cmbx7.pfb><F:/vohoanghai2/Dropbox-vohoanghai2-gmail/Dropbox/svmono/MIKTE
X/fonts/type1/public/amsfonts/cm/cmbx8.pfb><F:/vohoanghai2/Dropbox-vohoanghai2-
gmail/Dropbox/svmono/MIKTEX/fonts/type1/public/amsfonts/cm/cmbx9.pfb><F:/vohoan
ghai2/Dropbox-vohoanghai2-gmail/Dropbox/svmono/MIKTEX/fonts/type1/public/amsfon
ts/cm/cmex10.pfb><F:/vohoanghai2/Dropbox-vohoanghai2-gmail/Dropbox/svmono/MIKTE
X/fonts/type1/public/amsfonts/cm/cmitt10.pfb><F:/vohoanghai2/Dropbox-vohoanghai
2-gmail/Dropbox/svmono/MIKTEX/fonts/type1/public/amsfonts/cm/cmmi10.pfb><F:/voh
oanghai2/Dropbox-vohoanghai2-gmail/Dropbox/svmono/MIKTEX/fonts/type1/public/ams
fonts/cm/cmmi5.pfb><F:/vohoanghai2/Dropbox-vohoanghai2-gmail/Dropbox/svmono/MIK
TEX/fonts/type1/public/amsfonts/cm/cmmi7.pfb><F:/vohoanghai2/Dropbox-vohoanghai
2-gmail/Dropbox/svmono/MIKTEX/fonts/type1/public/amsfonts/cm/cmmi9.pfb><F:/voho
anghai2/Dropbox-vohoanghai2-gmail/Dropbox/svmono/MIKTEX/fonts/type1/public/amsf
onts/cm/cmr10.pfb><F:/vohoanghai2/Dropbox-vohoanghai2-gmail/Dropbox/svmono/MIKT
EX/fonts/type1/public/amsfonts/cm/cmr5.pfb><F:/vohoanghai2/Dropbox-vohoanghai2-
gmail/Dropbox/svmono/MIKTEX/fonts/type1/public/amsfonts/cm/cmr7.pfb><F:/vohoang
hai2/Dropbox-vohoanghai2-gmail/Dropbox/svmono/MIKTEX/fonts/type1/public/amsfont
s/cm/cmr8.pfb><F:/vohoanghai2/Dropbox-vohoanghai2-gmail/Dropbox/svmono/MIKTEX/f
onts/type1/public/amsfonts/cm/cmr9.pfb><F:/vohoanghai2/Dropbox-vohoanghai2-gmai
l/Dropbox/svmono/MIKTEX/fonts/type1/public/amsfonts/cm/cmsy10.pfb><F:/vohoangha
i2/Dropbox-vohoanghai2-gmail/Dropbox/svmono/MIKTEX/fonts/type1/public/amsfonts/
cm/cmsy5.pfb><F:/vohoanghai2/Dropbox-vohoanghai2-gmail/Dropbox/svmono/MIKTEX/fo
nts/type1/public/amsfonts/cm/cmsy6.pfb><F:/vohoanghai2/Dropbox-vohoanghai2-gmai
l/Dropbox/svmono/MIKTEX/fonts/type1/public/amsfonts/cm/cmsy7.pfb><F:/vohoanghai
2/Dropbox-vohoanghai2-gmail/Dropbox/svmono/MIKTEX/fonts/type1/public/amsfonts/c
m/cmsy9.pfb><F:/vohoanghai2/Dropbox-vohoanghai2-gmail/Dropbox/svmono/MIKTEX/fon
ts/type1/public/amsfonts/cm/cmti10.pfb><F:/vohoanghai2/Dropbox-vohoanghai2-gmai
l/Dropbox/svmono/MIKTEX/fonts/type1/public/amsfonts/cm/cmti8.pfb><F:/vohoanghai
2/Dropbox-vohoanghai2-gmail/Dropbox/svmono/MIKTEX/fonts/type1/public/amsfonts/c
m/cmtt10.pfb><F:/vohoanghai2/Dropbox-vohoanghai2-gmail/Dropbox/svmono/MIKTEX/fo
nts/type1/public/amsfonts/cm/cmtt8.pfb><F:/vohoanghai2/Dropbox-vohoanghai2-gmai
l/Dropbox/svmono/MIKTEX/fonts/type1/public/amsfonts/symbols/msam10.pfb>
Output written on RankingHaiMay30.pdf (26 pages, 692871 bytes).
PDF statistics:
 214 PDF objects out of 1000 (max. 8388607)
 0 named destinations out of 1000 (max. 500000)
 111 words of extra memory for PDF output out of 10000 (max. 10000000)

