This is pdfTeX, Version 3.14159265-2.6-1.40.15 (TeX Live 2014) (preloaded format=pdflatex 2014.8.7)  31 AUG 2014 22:43
entering extended mode
 restricted \write18 enabled.
 %&-line parsing enabled.
**"Scientific Publication Ranking.tex"
(./Scientific Publication Ranking.tex
LaTeX2e <2014/05/01>
Babel <3.9k> and hyphenation patterns for 78 languages loaded.
(/usr/local/texlive/2014/texmf-dist/tex/latex/base/article.cls
Document Class: article 2007/10/19 v1.4h Standard LaTeX document class
(/usr/local/texlive/2014/texmf-dist/tex/latex/base/leqno.clo
File: leqno.clo 1998/08/17 v1.1c Standard LaTeX option (left equation numbers)
)
(/usr/local/texlive/2014/texmf-dist/tex/latex/base/size10.clo
File: size10.clo 2007/10/19 v1.4h Standard LaTeX file (size option)
)
\c@part=\count79
\c@section=\count80
\c@subsection=\count81
\c@subsubsection=\count82
\c@paragraph=\count83
\c@subparagraph=\count84
\c@figure=\count85
\c@table=\count86
\abovecaptionskip=\skip41
\belowcaptionskip=\skip42
\bibindent=\dimen102
)
(/usr/local/texlive/2014/texmf-dist/tex/latex/graphics/graphicx.sty
Package: graphicx 2014/04/25 v1.0g Enhanced LaTeX Graphics (DPC,SPQR)

(/usr/local/texlive/2014/texmf-dist/tex/latex/graphics/keyval.sty
Package: keyval 2014/05/08 v1.15 key=value parser (DPC)
\KV@toks@=\toks14
)
(/usr/local/texlive/2014/texmf-dist/tex/latex/graphics/graphics.sty
Package: graphics 2009/02/05 v1.0o Standard LaTeX Graphics (DPC,SPQR)

(/usr/local/texlive/2014/texmf-dist/tex/latex/graphics/trig.sty
Package: trig 1999/03/16 v1.09 sin cos tan (DPC)
)
(/usr/local/texlive/2014/texmf-dist/tex/latex/latexconfig/graphics.cfg
File: graphics.cfg 2010/04/23 v1.9 graphics configuration of TeX Live
)
Package graphics Info: Driver file: pdftex.def on input line 91.

(/usr/local/texlive/2014/texmf-dist/tex/latex/pdftex-def/pdftex.def
File: pdftex.def 2011/05/27 v0.06d Graphics/color for pdfTeX

(/usr/local/texlive/2014/texmf-dist/tex/generic/oberdiek/infwarerr.sty
Package: infwarerr 2010/04/08 v1.3 Providing info/warning/error messages (HO)
)
(/usr/local/texlive/2014/texmf-dist/tex/generic/oberdiek/ltxcmds.sty
Package: ltxcmds 2011/11/09 v1.22 LaTeX kernel commands for general use (HO)
)
\Gread@gobject=\count87
))
\Gin@req@height=\dimen103
\Gin@req@width=\dimen104
)
(./annal-latex.sty
(/usr/local/texlive/2014/texmf-dist/tex/latex/amsfonts/amsfonts.sty
Package: amsfonts 2013/01/14 v3.01 Basic AMSFonts support
\@emptytoks=\toks15
\symAMSa=\mathgroup4
\symAMSb=\mathgroup5
LaTeX Font Info:    Overwriting math alphabet `\mathfrak' in version `bold'
(Font)                  U/euf/m/n --> U/euf/b/n on input line 106.
)
(/usr/local/texlive/2014/texmf-dist/tex/latex/amsmath/amsmath.sty
Package: amsmath 2013/01/14 v2.14 AMS math features
\@mathmargin=\skip43

For additional information on amsmath, use the `?' option.
(/usr/local/texlive/2014/texmf-dist/tex/latex/amsmath/amstext.sty
Package: amstext 2000/06/29 v2.01

(/usr/local/texlive/2014/texmf-dist/tex/latex/amsmath/amsgen.sty
File: amsgen.sty 1999/11/30 v2.0
\@emptytoks=\toks16
\ex@=\dimen105
))
(/usr/local/texlive/2014/texmf-dist/tex/latex/amsmath/amsbsy.sty
Package: amsbsy 1999/11/29 v1.2d
\pmbraise@=\dimen106
)
(/usr/local/texlive/2014/texmf-dist/tex/latex/amsmath/amsopn.sty
Package: amsopn 1999/12/14 v2.01 operator names
)
\inf@bad=\count88
LaTeX Info: Redefining \frac on input line 210.
\uproot@=\count89
\leftroot@=\count90
LaTeX Info: Redefining \overline on input line 306.
\classnum@=\count91
\DOTSCASE@=\count92
LaTeX Info: Redefining \ldots on input line 378.
LaTeX Info: Redefining \dots on input line 381.
LaTeX Info: Redefining \cdots on input line 466.
\Mathstrutbox@=\box26
\strutbox@=\box27
\big@size=\dimen107
LaTeX Font Info:    Redeclaring font encoding OML on input line 566.
LaTeX Font Info:    Redeclaring font encoding OMS on input line 567.
\macc@depth=\count93
\c@MaxMatrixCols=\count94
\dotsspace@=\muskip10
\c@parentequation=\count95
\dspbrk@lvl=\count96
\tag@help=\toks17
\row@=\count97
\column@=\count98
\maxfields@=\count99
\andhelp@=\toks18
\eqnshift@=\dimen108
\alignsep@=\dimen109
\tagshift@=\dimen110
\tagwidth@=\dimen111
\totwidth@=\dimen112
\lineht@=\dimen113
\@envbody=\toks19
\multlinegap=\skip44
\multlinetaggap=\skip45
\mathdisplay@stack=\toks20
LaTeX Info: Redefining \[ on input line 2665.
LaTeX Info: Redefining \] on input line 2666.
)
(/usr/local/texlive/2014/texmf-dist/tex/latex/amscls/amsthm.sty
Package: amsthm 2004/08/06 v2.20
\thm@style=\toks21
\thm@bodyfont=\toks22
\thm@headfont=\toks23
\thm@notefont=\toks24
\thm@headpunct=\toks25
\thm@preskip=\skip46
\thm@postskip=\skip47
\thm@headsep=\skip48
\dth@everypar=\toks26
)
(/usr/local/texlive/2014/texmf-dist/tex/latex/fancyhdr/fancyhdr.sty
\fancy@headwidth=\skip49
\f@ncyO@elh=\skip50
\f@ncyO@erh=\skip51
\f@ncyO@olh=\skip52
\f@ncyO@orh=\skip53
\f@ncyO@elf=\skip54
\f@ncyO@erf=\skip55
\f@ncyO@olf=\skip56
\f@ncyO@orf=\skip57
)
(/usr/local/texlive/2014/texmf-dist/tex/latex/amsfonts/amssymb.sty
Package: amssymb 2013/01/14 v3.01 AMS font symbols
))
(/usr/local/texlive/2014/texmf-dist/tex/latex/base/makeidx.sty
Package: makeidx 2000/03/29 v1.0m Standard LaTeX package
)
(/usr/local/texlive/2014/texmf-dist/tex/latex/base/latexsym.sty
Package: latexsym 1998/08/17 v2.2e Standard LaTeX package (lasy symbols)
\symlasy=\mathgroup6
LaTeX Font Info:    Overwriting symbol font `lasy' in version `bold'
(Font)                  U/lasy/m/n --> U/lasy/b/n on input line 47.
)
\c@theorem=\count100
\c@lemma=\count101
\c@corollary=\count102
\c@definition=\count103
\c@remark=\count104

(./Scientific Publication Ranking.aux)
\openout1 = `"Scientific Publication Ranking.aux"'.

LaTeX Font Info:    Checking defaults for OML/cmm/m/it on input line 50.
LaTeX Font Info:    ... okay on input line 50.
LaTeX Font Info:    Checking defaults for T1/cmr/m/n on input line 50.
LaTeX Font Info:    ... okay on input line 50.
LaTeX Font Info:    Checking defaults for OT1/cmr/m/n on input line 50.
LaTeX Font Info:    ... okay on input line 50.
LaTeX Font Info:    Checking defaults for OMS/cmsy/m/n on input line 50.
LaTeX Font Info:    ... okay on input line 50.
LaTeX Font Info:    Checking defaults for OMX/cmex/m/n on input line 50.
LaTeX Font Info:    ... okay on input line 50.
LaTeX Font Info:    Checking defaults for U/cmr/m/n on input line 50.
LaTeX Font Info:    ... okay on input line 50.

(/usr/local/texlive/2014/texmf-dist/tex/context/base/supp-pdf.mkii
[Loading MPS to PDF converter (version 2006.09.02).]
\scratchcounter=\count105
\scratchdimen=\dimen114
\scratchbox=\box28
\nofMPsegments=\count106
\nofMParguments=\count107
\everyMPshowfont=\toks27
\MPscratchCnt=\count108
\MPscratchDim=\dimen115
\MPnumerator=\count109
\makeMPintoPDFobject=\count110
\everyMPtoPDFconversion=\toks28
) (/usr/local/texlive/2014/texmf-dist/tex/generic/oberdiek/pdftexcmds.sty
Package: pdftexcmds 2011/11/29 v0.20 Utility functions of pdfTeX for LuaTeX (HO
)

(/usr/local/texlive/2014/texmf-dist/tex/generic/oberdiek/ifluatex.sty
Package: ifluatex 2010/03/01 v1.3 Provides the ifluatex switch (HO)
Package ifluatex Info: LuaTeX not detected.
)
(/usr/local/texlive/2014/texmf-dist/tex/generic/oberdiek/ifpdf.sty
Package: ifpdf 2011/01/30 v2.3 Provides the ifpdf switch (HO)
Package ifpdf Info: pdfTeX in PDF mode is detected.
)
Package pdftexcmds Info: LuaTeX not detected.
Package pdftexcmds Info: \pdf@primitive is available.
Package pdftexcmds Info: \pdf@ifprimitive is available.
Package pdftexcmds Info: \pdfdraftmode found.
)
(/usr/local/texlive/2014/texmf-dist/tex/latex/oberdiek/epstopdf-base.sty
Package: epstopdf-base 2010/02/09 v2.5 Base part for package epstopdf

(/usr/local/texlive/2014/texmf-dist/tex/latex/oberdiek/grfext.sty
Package: grfext 2010/08/19 v1.1 Manage graphics extensions (HO)

(/usr/local/texlive/2014/texmf-dist/tex/generic/oberdiek/kvdefinekeys.sty
Package: kvdefinekeys 2011/04/07 v1.3 Define keys (HO)
))
(/usr/local/texlive/2014/texmf-dist/tex/latex/oberdiek/kvoptions.sty
Package: kvoptions 2011/06/30 v3.11 Key value format for package options (HO)

(/usr/local/texlive/2014/texmf-dist/tex/generic/oberdiek/kvsetkeys.sty
Package: kvsetkeys 2012/04/25 v1.16 Key value parser (HO)

(/usr/local/texlive/2014/texmf-dist/tex/generic/oberdiek/etexcmds.sty
Package: etexcmds 2011/02/16 v1.5 Avoid name clashes with e-TeX commands (HO)
Package etexcmds Info: Could not find \expanded.
(etexcmds)             That can mean that you are not using pdfTeX 1.50 or
(etexcmds)             that some package has redefined \expanded.
(etexcmds)             In the latter case, load this package earlier.
)))
Package grfext Info: Graphics extension search list:
(grfext)             [.png,.pdf,.jpg,.mps,.jpeg,.jbig2,.jb2,.PNG,.PDF,.JPG,.JPE
G,.JBIG2,.JB2,.eps]
(grfext)             \AppendGraphicsExtensions on input line 452.

(/usr/local/texlive/2014/texmf-dist/tex/latex/latexconfig/epstopdf-sys.cfg
File: epstopdf-sys.cfg 2010/07/13 v1.3 Configuration of (r)epstopdf for TeX Liv
e
))
LaTeX Font Info:    Try loading font information for U+msa on input line 55.

(/usr/local/texlive/2014/texmf-dist/tex/latex/amsfonts/umsa.fd
File: umsa.fd 2013/01/14 v3.01 AMS symbols A
)
LaTeX Font Info:    Try loading font information for U+msb on input line 55.

(/usr/local/texlive/2014/texmf-dist/tex/latex/amsfonts/umsb.fd
File: umsb.fd 2013/01/14 v3.01 AMS symbols B
)
LaTeX Font Info:    Try loading font information for U+lasy on input line 55.

(/usr/local/texlive/2014/texmf-dist/tex/latex/base/ulasy.fd
File: ulasy.fd 1998/08/17 v2.2e LaTeX symbol font definitions
) [1

{/usr/local/texlive/2014/texmf-var/fonts/map/pdftex/updmap/pdftex.map}] [2] [3]
 [4]
Underfull \vbox (badness 10000) has occurred while \output is active []

 [5]
[6]
Overfull \hbox (4.37512pt too wide) in paragraph at lines 243--245
\OT1/cmr/m/n/10 From (3.1[]), the unique ex-is-tence of $\OML/cmm/m/it/10 R[]$ 
\OT1/cmr/m/n/10 in-fers the unique ex-is-tences of $\OML/cmm/m/it/10 R[]; [] ; 
R[]$\OT1/cmr/m/n/10 .
 []


Underfull \hbox (badness 10000) in paragraph at lines 246--257

 []

[7] [8] [9]
LaTeX Font Info:    Try loading font information for OMS+cmr on input line 357.

 (/usr/local/texlive/2014/texmf-dist/tex/latex/base/omscmr.fd
File: omscmr.fd 1999/05/25 v2.5h Standard LaTeX font definitions
)
LaTeX Font Info:    Font shape `OMS/cmr/m/n' in size <10> not available
(Font)              Font shape `OMS/cmsy/m/n' tried instead on input line 357.

[10] [11] [12] <D1t20cNPC.png, id=65, 360.59718pt x 252.945pt>
File: D1t20cNPC.png Graphic file (type png)

<use D1t20cNPC.png>
Package pdftex.def Info: D1t20cNPC.png used on input line 462.
(pdftex.def)             Requested size: 153.64383pt x 107.7723pt.
 <D1t20cSD3R.png, id=66, 360.59718pt x 252.945pt>
File: D1t20cSD3R.png Graphic file (type png)

<use D1t20cSD3R.png>
Package pdftex.def Info: D1t20cSD3R.png used on input line 463.
(pdftex.def)             Requested size: 153.64383pt x 107.7723pt.
 <D2t20cNPC.png, id=67, 356.0803pt x 245.41687pt>
File: D2t20cNPC.png Graphic file (type png)

<use D2t20cNPC.png>
Package pdftex.def Info: D2t20cNPC.png used on input line 464.
(pdftex.def)             Requested size: 153.64383pt x 105.89417pt.
 <D2t20cSD3R.png, id=68, 356.0803pt x 245.41687pt>
File: D2t20cSD3R.png Graphic file (type png)

<use D2t20cSD3R.png>
Package pdftex.def Info: D2t20cSD3R.png used on input line 465.
(pdftex.def)             Requested size: 153.64383pt x 105.89417pt.
 <Top5cInc.png, id=69, 657.2053pt x 219.06844pt>
File: Top5cInc.png Graphic file (type png)

<use Top5cInc.png>
Package pdftex.def Info: Top5cInc.png used on input line 480.
(pdftex.def)             Requested size: 307.28766pt x 102.43068pt.
 <delta_rho.png, id=70, 246.9225pt x 73.77562pt>
File: delta_rho.png Graphic file (type png)

<use delta_rho.png>
Package pdftex.def Info: delta_rho.png used on input line 488.
(pdftex.def)             Requested size: 170.71652pt x 51.00653pt.
 [13] [14 <./D1t20cNPC.png> <./D1t20cSD3R.png> <./D2t20cNPC.png> <./D2t20cSD3R.
png> <./Top5cInc.png> <./delta_rho.png>]
<D1t20aINC.png, id=78, 353.82187pt x 295.1025pt>
File: D1t20aINC.png Graphic file (type png)
 <use D1t20aINC.png>
Package pdftex.def Info: D1t20aINC.png used on input line 505.
(pdftex.def)             Requested size: 153.64383pt x 128.1479pt.

<D1t20aDEC.png, id=79, 353.82187pt x 295.1025pt>
File: D1t20aDEC.png Graphic file (type png)
 <use D1t20aDEC.png>
Package pdftex.def Info: D1t20aDEC.png used on input line 506.
(pdftex.def)             Requested size: 153.64383pt x 128.1479pt.

<D2t20ainc.png, id=80, 349.305pt x 280.04625pt>
File: D2t20ainc.png Graphic file (type png)
 <use D2t20ainc.png>
Package pdftex.def Info: D2t20ainc.png used on input line 507.
(pdftex.def)             Requested size: 153.64383pt x 123.18225pt.

<D2t20adec.png, id=81, 349.305pt x 280.04625pt>
File: D2t20adec.png Graphic file (type png)
 <use D2t20adec.png>
Package pdftex.def Info: D2t20adec.png used on input line 508.
(pdftex.def)             Requested size: 153.64383pt x 123.18225pt.

<T5adec.png, id=82, 577.40718pt x 97.86563pt>
File: T5adec.png Graphic file (type png)
 <use T5adec.png>
Package pdftex.def Info: T5adec.png used on input line 516.
(pdftex.def)             Requested size: 307.28766pt x 52.08505pt.

<T5ainc.png, id=83, 568.37344pt x 97.86563pt>
File: T5ainc.png Graphic file (type png)
 <use T5ainc.png>
Package pdftex.def Info: T5ainc.png used on input line 524.
(pdftex.def)             Requested size: 307.28766pt x 52.91234pt.

Overfull \hbox (0.98297pt too wide) in paragraph at lines 533--535
\OT1/cmr/m/n/10 se-ries: the Text RE-trieval Con-fer-ence (TREC), TREC Video (T
RECVid),
 []

[15] [16 <./D1t20aINC.png> <./D1t20aDEC.png> <./D2t20ainc.png> <./D2t20adec.png
> <./T5adec.png> <./T5ainc.png>]
<DiffRank.png, id=90, 447.92343pt x 88.07906pt>
File: DiffRank.png Graphic file (type png)
 <use DiffRank.png>
Package pdftex.def Info: DiffRank.png used on input line 564.
(pdftex.def)             Requested size: 324.36035pt x 63.78377pt.
 [17 <./DiffRank.png>] <Dct20NPCc.png, id=94, 358.33875pt x 244.66406pt>
File: Dct20NPCc.png Graphic file (type png)

<use Dct20NPCc.png>
Package pdftex.def Info: Dct20NPCc.png used on input line 590.
(pdftex.def)             Requested size: 153.64383pt x 104.90483pt.
 <Dct20NCCc.png, id=95, 358.33875pt x 244.66406pt>
File: Dct20NCCc.png Graphic file (type png)

<use Dct20NCCc.png>
Package pdftex.def Info: Dct20NCCc.png used on input line 591.
(pdftex.def)             Requested size: 153.64383pt x 104.90483pt.
 <Dct40SC4Rc.png, id=96, 597.73312pt x 244.66406pt>
File: Dct40SC4Rc.png Graphic file (type png)

<use Dct40SC4Rc.png>
Package pdftex.def Info: Dct40SC4Rc.png used on input line 592.
(pdftex.def)             Requested size: 307.28766pt x 125.78127pt.
 <Top10Conf.png, id=97, 624.83438pt x 168.63pt>
File: Top10Conf.png Graphic file (type png)

<use Top10Conf.png>
Package pdftex.def Info: Top10Conf.png used on input line 599.
(pdftex.def)             Requested size: 324.36035pt x 87.53885pt.
 [18] [19 <./Dct20NPCc.png> <./Dct20NCCc.png> <./Dct40SC4Rc.png> <./Top10Conf.p
ng>] <Dct20NPCa.png, id=105, 386.19281pt x 262.73157pt>
File: Dct20NPCa.png Graphic file (type png)

<use Dct20NPCa.png>
Package pdftex.def Info: Dct20NPCa.png used on input line 627.
(pdftex.def)             Requested size: 153.64383pt x 104.5255pt.
 <Dct20NCCa.png, id=106, 386.19281pt x 262.73157pt>
File: Dct20NCCa.png Graphic file (type png)

<use Dct20NCCa.png>
Package pdftex.def Info: Dct20NCCa.png used on input line 628.
(pdftex.def)             Requested size: 153.64383pt x 104.5255pt.
 <Dct20HINDEXa.png, id=107, 386.19281pt x 262.73157pt>
File: Dct20HINDEXa.png Graphic file (type png)

<use Dct20HINDEXa.png>
Package pdftex.def Info: Dct20HINDEXa.png used on input line 629.
(pdftex.def)             Requested size: 153.64383pt x 104.5255pt.
 <Dct20SC4Ra.png, id=108, 386.19281pt x 262.73157pt>
File: Dct20SC4Ra.png Graphic file (type png)

<use Dct20SC4Ra.png>
Package pdftex.def Info: Dct20SC4Ra.png used on input line 630.
(pdftex.def)             Requested size: 153.64383pt x 104.5255pt.
 <Dct20SC4Ra-f.png, id=109, 445.665pt x 320.69812pt>
File: Dct20SC4Ra-f.png Graphic file (type png)

<use Dct20SC4Ra-f.png>
Package pdftex.def Info: Dct20SC4Ra-f.png used on input line 637.
(pdftex.def)             Requested size: 324.36035pt x 233.40791pt.

Underfull \vbox (badness 10000) has occurred while \output is active []

 [20 <./Dct20NPCa.png> <./Dct20NCCa.png> <./Dct20HINDEXa.png> <./Dct20SC4Ra.png
>] [21 <./Dct20SC4Ra-f.png>]
Underfull \vbox (badness 10000) has occurred while \output is active []

 [22]
[23]
Missing character: There is no Ã in font cmbx10!
Missing character: There is no ¡ in font cmbx10!
Missing character: There is no Ã in font cmbx10!
Missing character: There is no ³ in font cmbx10!
Missing character: There is no â in font cmr10!
Missing character: There is no € in font cmr10!
Missing character: There is no “ in font cmr10!

Underfull \hbox (badness 10000) in paragraph at lines 757--760
[]\OT1/cmr/bx/n/10 Microsoft Cor-po-ra-tion. \OT1/cmr/m/n/10 Mi-crosoft Aca-dem
ic Search.
 []


Underfull \hbox (badness 1221) in paragraph at lines 762--766
[]\OT1/cmr/bx/n/10 P.B. Lowry, G.D. Moody, J. Gaskin, D.F. Gal-letta, S.L.
 []

[24]
Underfull \hbox (badness 10000) in paragraph at lines 805--810

 []


Underfull \hbox (badness 10000) in paragraph at lines 811--816

 []

[25]
Underfull \hbox (badness 10000) in paragraph at lines 817--822

 []


Underfull \hbox (badness 10000) in paragraph at lines 823--828

 []

[26] (./Scientific Publication Ranking.aux) ) 
Here is how much of TeX's memory you used:
 2904 strings out of 493117
 38607 string characters out of 6135434
 101658 words of memory out of 5000000
 6274 multiletter control sequences out of 15000+600000
 15485 words of font info for 64 fonts, out of 8000000 for 9000
 1141 hyphenation exceptions out of 8191
 38i,19n,45p,1110b,354s stack positions out of 5000i,500n,10000p,200000b,80000s
</usr/local/texlive/2014/texmf-dis
t/fonts/type1/public/amsfonts/cm/cmbx10.pfb></usr/local/texlive/2014/texmf-dist
/fonts/type1/public/amsfonts/cm/cmbx12.pfb></usr/local/texlive/2014/texmf-dist/
fonts/type1/public/amsfonts/cm/cmbx7.pfb></usr/local/texlive/2014/texmf-dist/fo
nts/type1/public/amsfonts/cm/cmbx8.pfb></usr/local/texlive/2014/texmf-dist/font
s/type1/public/amsfonts/cm/cmbx9.pfb></usr/local/texlive/2014/texmf-dist/fonts/
type1/public/amsfonts/cm/cmex10.pfb></usr/local/texlive/2014/texmf-dist/fonts/t
ype1/public/amsfonts/cm/cmitt10.pfb></usr/local/texlive/2014/texmf-dist/fonts/t
ype1/public/amsfonts/cm/cmmi10.pfb></usr/local/texlive/2014/texmf-dist/fonts/ty
pe1/public/amsfonts/cm/cmmi5.pfb></usr/local/texlive/2014/texmf-dist/fonts/type
1/public/amsfonts/cm/cmmi7.pfb></usr/local/texlive/2014/texmf-dist/fonts/type1/
public/amsfonts/cm/cmmi9.pfb></usr/local/texlive/2014/texmf-dist/fonts/type1/pu
blic/amsfonts/cm/cmr10.pfb></usr/local/texlive/2014/texmf-dist/fonts/type1/publ
ic/amsfonts/cm/cmr5.pfb></usr/local/texlive/2014/texmf-dist/fonts/type1/public/
amsfonts/cm/cmr7.pfb></usr/local/texlive/2014/texmf-dist/fonts/type1/public/ams
fonts/cm/cmr8.pfb></usr/local/texlive/2014/texmf-dist/fonts/type1/public/amsfon
ts/cm/cmr9.pfb></usr/local/texlive/2014/texmf-dist/fonts/type1/public/amsfonts/
cm/cmsy10.pfb></usr/local/texlive/2014/texmf-dist/fonts/type1/public/amsfonts/c
m/cmsy5.pfb></usr/local/texlive/2014/texmf-dist/fonts/type1/public/amsfonts/cm/
cmsy6.pfb></usr/local/texlive/2014/texmf-dist/fonts/type1/public/amsfonts/cm/cm
sy7.pfb></usr/local/texlive/2014/texmf-dist/fonts/type1/public/amsfonts/cm/cmsy
9.pfb></usr/local/texlive/2014/texmf-dist/fonts/type1/public/amsfonts/cm/cmti10
.pfb></usr/local/texlive/2014/texmf-dist/fonts/type1/public/amsfonts/cm/cmti8.p
fb></usr/local/texlive/2014/texmf-dist/fonts/type1/public/amsfonts/cm/cmtt10.pf
b></usr/local/texlive/2014/texmf-dist/fonts/type1/public/amsfonts/cm/cmtt8.pfb>
</usr/local/texlive/2014/texmf-dist/fonts/type1/public/amsfonts/symbols/msam10.
pfb>
Output written on "Scientific Publication Ranking.pdf" (26 pages, 664302 bytes)
.
PDF statistics:
 217 PDF objects out of 1000 (max. 8388607)
 138 compressed objects within 2 object streams
 0 named destinations out of 1000 (max. 500000)
 111 words of extra memory for PDF output out of 10000 (max. 10000000)

